<?xml version="1.0" encoding="UTF-8" standalone="yes"?><!DOCTYPE report PUBLIC "-//JACOCO//DTD Report 1.0//EN" "report.dtd"><report name="onos-app-slsnet-vpls"><sessioninfo id="cubic-1d94cdd5" start="1498789186561" dump="1498789196535"/><package name="org/onosproject/vpls"><class name="org/onosproject/vpls/VplsOperationManager$InternalLeadershipListener"><method name="&lt;init&gt;" desc="(Lorg/onosproject/vpls/VplsOperationManager;)V" line="627"><counter type="INSTRUCTION" missed="0" covered="6"/><counter type="LINE" missed="0" covered="1"/><counter type="COMPLEXITY" missed="0" covered="1"/><counter type="METHOD" missed="0" covered="1"/></method><method name="event" desc="(Lorg/onosproject/cluster/LeadershipEvent;)V" line="632"><counter type="INSTRUCTION" missed="0" covered="32"/><counter type="BRANCH" missed="1" covered="3"/><counter type="LINE" missed="0" covered="5"/><counter type="COMPLEXITY" missed="1" covered="2"/><counter type="METHOD" missed="0" covered="1"/></method><method name="isRelevant" desc="(Lorg/onosproject/cluster/LeadershipEvent;)Z" line="647"><counter type="INSTRUCTION" missed="0" covered="10"/><counter type="LINE" missed="0" covered="1"/><counter type="COMPLEXITY" missed="0" covered="1"/><counter type="METHOD" missed="0" covered="1"/></method><counter type="INSTRUCTION" missed="0" covered="48"/><counter type="BRANCH" missed="1" covered="3"/><counter type="LINE" missed="0" covered="7"/><counter type="COMPLEXITY" missed="1" covered="4"/><counter type="METHOD" missed="0" covered="3"/><counter type="CLASS" missed="0" covered="1"/></class><class name="org/onosproject/vpls/VplsManager$VplsStoreDelegate"><method name="&lt;init&gt;" desc="(Lorg/onosproject/vpls/VplsManager;)V" line="236"><counter type="INSTRUCTION" missed="0" covered="6"/><counter type="LINE" missed="0" covered="1"/><counter type="COMPLEXITY" missed="0" covered="1"/><counter type="METHOD" missed="0" covered="1"/></method><method name="notify" desc="(Lorg/onosproject/vpls/store/VplsStoreEvent;)V" line="242"><counter type="INSTRUCTION" missed="8" covered="47"/><counter type="BRANCH" missed="3" covered="9"/><counter type="LINE" missed="2" covered="16"/><counter type="COMPLEXITY" missed="3" covered="5"/><counter type="METHOD" missed="0" covered="1"/></method><counter type="INSTRUCTION" missed="8" covered="53"/><counter type="BRANCH" missed="3" covered="9"/><counter type="LINE" missed="2" covered="17"/><counter type="COMPLEXITY" missed="3" covered="6"/><counter type="METHOD" missed="0" covered="2"/><counter type="CLASS" missed="0" covered="1"/></class><class name="org/onosproject/vpls/VplsOperationManager$VplsOperationExecutor"><method name="&lt;init&gt;" desc="(Lorg/onosproject/vpls/VplsOperationManager;Lorg/onosproject/vpls/api/VplsOperation;)V" line="342"><counter type="INSTRUCTION" missed="0" covered="12"/><counter type="LINE" missed="0" covered="4"/><counter type="COMPLEXITY" missed="0" covered="1"/><counter type="METHOD" missed="0" covered="1"/></method><method name="setConsumers" desc="(Ljava/util/function/Consumer;Ljava/util/function/Consumer;)V" line="355"><counter type="INSTRUCTION" missed="0" covered="7"/><counter type="LINE" missed="0" covered="3"/><counter type="COMPLEXITY" missed="0" covered="1"/><counter type="METHOD" missed="0" covered="1"/></method><method name="run" desc="()V" line="362"><counter type="INSTRUCTION" missed="8" covered="31"/><counter type="BRANCH" missed="1" covered="5"/><counter type="LINE" missed="1" covered="11"/><counter type="COMPLEXITY" missed="1" covered="4"/><counter type="METHOD" missed="0" covered="1"/></method><method name="updateVplsIntents" desc="()V" line="392"><counter type="INSTRUCTION" missed="0" covered="70"/><counter type="BRANCH" missed="0" covered="2"/><counter type="LINE" missed="0" covered="22"/><counter type="COMPLEXITY" missed="0" covered="2"/><counter type="METHOD" missed="0" covered="1"/></method><method name="hostsFromVpls" desc="()Ljava/util/Set;" line="437"><counter type="INSTRUCTION" missed="0" covered="18"/><counter type="LINE" missed="0" covered="6"/><counter type="COMPLEXITY" missed="0" covered="1"/><counter type="METHOD" missed="0" covered="1"/></method><method name="hostsFromInterface" desc="(Lorg/onosproject/incubator/net/intf/Interface;)Ljava/util/Set;" line="446"><counter type="INSTRUCTION" missed="0" covered="14"/><counter type="LINE" missed="0" covered="4"/><counter type="COMPLEXITY" missed="0" covered="1"/><counter type="METHOD" missed="0" covered="1"/></method><method name="applyIntentsSync" desc="(Ljava/util/Set;Lorg/onosproject/vpls/VplsOperationManager$Direction;)V" line="459"><counter type="INSTRUCTION" missed="17" covered="76"/><counter type="BRANCH" missed="1" covered="2"/><counter type="LINE" missed="2" covered="17"/><counter type="COMPLEXITY" missed="1" covered="2"/><counter type="METHOD" missed="0" covered="1"/></method><method name="intentSetEquals" desc="(Ljava/util/Set;Ljava/util/Set;)Z" line="500"><counter type="INSTRUCTION" missed="2" covered="26"/><counter type="BRANCH" missed="1" covered="5"/><counter type="LINE" missed="1" covered="7"/><counter type="COMPLEXITY" missed="1" covered="3"/><counter type="METHOD" missed="0" covered="1"/></method><method name="getCurrentIntents" desc="()Ljava/util/Set;" line="519"><counter type="INSTRUCTION" missed="0" covered="19"/><counter type="LINE" missed="0" covered="5"/><counter type="COMPLEXITY" missed="0" covered="1"/><counter type="METHOD" missed="0" covered="1"/></method><method name="generateVplsIntents" desc="()Ljava/util/Set;" line="532"><counter type="INSTRUCTION" missed="0" covered="27"/><counter type="LINE" missed="0" covered="5"/><counter type="COMPLEXITY" missed="0" covered="1"/><counter type="METHOD" missed="0" covered="1"/></method><method name="removeVplsIntents" desc="()V" line="544"><counter type="INSTRUCTION" missed="0" covered="17"/><counter type="LINE" missed="0" covered="4"/><counter type="COMPLEXITY" missed="0" covered="1"/><counter type="METHOD" missed="0" covered="1"/></method><method name="installVplsIntents" desc="()V" line="553"><counter type="INSTRUCTION" missed="0" covered="8"/><counter type="LINE" missed="0" covered="3"/><counter type="COMPLEXITY" missed="0" covered="1"/><counter type="METHOD" missed="0" covered="1"/></method><method name="lambda$getCurrentIntents$6" desc="(Ljava/lang/String;Lorg/onosproject/net/intent/Intent;)Z" line="522"><counter type="INSTRUCTION" missed="0" covered="6"/><counter type="LINE" missed="0" covered="1"/><counter type="COMPLEXITY" missed="0" covered="1"/><counter type="METHOD" missed="0" covered="1"/></method><method name="lambda$intentSetEquals$5" desc="(Lorg/onosproject/net/intent/Intent;Lorg/onosproject/net/intent/Intent;)Z" line="505"><counter type="INSTRUCTION" missed="0" covered="4"/><counter type="LINE" missed="0" covered="1"/><counter type="COMPLEXITY" missed="0" covered="1"/><counter type="METHOD" missed="0" covered="1"/></method><method name="lambda$hostsFromInterface$4" desc="(Lorg/onosproject/incubator/net/intf/Interface;Lorg/onosproject/net/Host;)Z" line="448"><counter type="INSTRUCTION" missed="0" covered="6"/><counter type="LINE" missed="0" covered="1"/><counter type="COMPLEXITY" missed="0" covered="1"/><counter type="METHOD" missed="0" covered="1"/></method><method name="lambda$updateVplsIntents$3" desc="(Ljava/util/Set;Ljava/util/Set;Lorg/onosproject/net/intent/Intent;)V" line="428"><counter type="INSTRUCTION" missed="9" covered="0"/><counter type="BRANCH" missed="2" covered="0"/><counter type="LINE" missed="3" covered="0"/><counter type="COMPLEXITY" missed="2" covered="0"/><counter type="METHOD" missed="1" covered="0"/></method><method name="lambda$updateVplsIntents$2" desc="(Ljava/util/Set;Ljava/util/Set;Lorg/onosproject/net/intent/Intent;)V" line="421"><counter type="INSTRUCTION" missed="0" covered="9"/><counter type="BRANCH" missed="1" covered="1"/><counter type="LINE" missed="0" covered="3"/><counter type="COMPLEXITY" missed="1" covered="1"/><counter type="METHOD" missed="0" covered="1"/></method><method name="lambda$updateVplsIntents$1" desc="(Lorg/onosproject/net/intent/Intent;)Z" line="413"><counter type="INSTRUCTION" missed="0" covered="3"/><counter type="LINE" missed="0" covered="1"/><counter type="COMPLEXITY" missed="0" covered="1"/><counter type="METHOD" missed="0" covered="1"/></method><method name="lambda$updateVplsIntents$0" desc="(Lorg/onosproject/net/intent/Intent;)Z" line="399"><counter type="INSTRUCTION" missed="0" covered="3"/><counter type="LINE" missed="0" covered="1"/><counter type="COMPLEXITY" missed="0" covered="1"/><counter type="METHOD" missed="0" covered="1"/></method><counter type="INSTRUCTION" missed="36" covered="356"/><counter type="BRANCH" missed="6" covered="15"/><counter type="LINE" missed="7" covered="94"/><counter type="COMPLEXITY" missed="6" covered="25"/><counter type="METHOD" missed="1" covered="18"/><counter type="CLASS" missed="0" covered="1"/></class><class name="org/onosproject/vpls/VplsOperationManager$Direction"><method name="values" desc="()[Lorg/onosproject/vpls/VplsOperationManager$Direction;" line="324"><counter type="INSTRUCTION" missed="0" covered="4"/><counter type="LINE" missed="0" covered="1"/><counter type="COMPLEXITY" missed="0" covered="1"/><counter type="METHOD" missed="0" covered="1"/></method><method name="valueOf" desc="(Ljava/lang/String;)Lorg/onosproject/vpls/VplsOperationManager$Direction;" line="324"><counter type="INSTRUCTION" missed="5" covered="0"/><counter type="LINE" missed="1" covered="0"/><counter type="COMPLEXITY" missed="1" covered="0"/><counter type="METHOD" missed="1" covered="0"/></method><method name="&lt;init&gt;" desc="(Ljava/lang/String;I)V" line="324"><counter type="INSTRUCTION" missed="0" covered="5"/><counter type="LINE" missed="0" covered="1"/><counter type="COMPLEXITY" missed="0" covered="1"/><counter type="METHOD" missed="0" covered="1"/></method><method name="&lt;clinit&gt;" desc="()V" line="324"><counter type="INSTRUCTION" missed="0" covered="24"/><counter type="LINE" missed="0" covered="3"/><counter type="COMPLEXITY" missed="0" covered="1"/><counter type="METHOD" missed="0" covered="1"/></method><counter type="INSTRUCTION" missed="5" covered="33"/><counter type="LINE" missed="0" covered="3"/><counter type="COMPLEXITY" missed="1" covered="3"/><counter type="METHOD" missed="1" covered="3"/><counter type="CLASS" missed="0" covered="1"/></class><class name="org/onosproject/vpls/VplsNeighbourHandler$1"><method name="&lt;clinit&gt;" desc="()V" line="126"><counter type="INSTRUCTION" missed="2" covered="17"/><counter type="LINE" missed="0" covered="1"/><counter type="COMPLEXITY" missed="0" covered="1"/><counter type="METHOD" missed="0" covered="1"/></method><counter type="INSTRUCTION" missed="2" covered="17"/><counter type="LINE" missed="0" covered="1"/><counter type="COMPLEXITY" missed="0" covered="1"/><counter type="METHOD" missed="0" covered="1"/><counter type="CLASS" missed="0" covered="1"/></class><class name="org/onosproject/vpls/VplsManager$1"><method name="&lt;clinit&gt;" desc="()V" line="243"><counter type="INSTRUCTION" missed="3" covered="23"/><counter type="LINE" missed="0" covered="1"/><counter type="COMPLEXITY" missed="0" covered="1"/><counter type="METHOD" missed="0" covered="1"/></method><counter type="INSTRUCTION" missed="3" covered="23"/><counter type="LINE" missed="0" covered="1"/><counter type="COMPLEXITY" missed="0" covered="1"/><counter type="METHOD" missed="0" covered="1"/><counter type="CLASS" missed="0" covered="1"/></class><class name="org/onosproject/vpls/VplsNeighbourHandler"><method name="&lt;init&gt;" desc="()V" line="56"><counter type="INSTRUCTION" missed="0" covered="29"/><counter type="LINE" missed="0" covered="5"/><counter type="COMPLEXITY" missed="0" covered="1"/><counter type="METHOD" missed="0" covered="1"/></method><method name="activate" desc="()V" line="93"><counter type="INSTRUCTION" missed="0" covered="19"/><counter type="LINE" missed="0" covered="5"/><counter type="COMPLEXITY" missed="0" covered="1"/><counter type="METHOD" missed="0" covered="1"/></method><method name="deactivate" desc="()V" line="101"><counter type="INSTRUCTION" missed="0" covered="16"/><counter type="LINE" missed="0" covered="4"/><counter type="COMPLEXITY" missed="0" covered="1"/><counter type="METHOD" missed="0" covered="1"/></method><method name="configNeighbourHandler" desc="()V" line="110"><counter type="INSTRUCTION" missed="0" covered="12"/><counter type="LINE" missed="0" covered="5"/><counter type="COMPLEXITY" missed="0" covered="1"/><counter type="METHOD" missed="0" covered="1"/></method><method name="handleRequest" desc="(Lorg/onosproject/incubator/net/neighbour/NeighbourMessageContext;)V" line="147"><counter type="INSTRUCTION" missed="0" covered="30"/><counter type="BRANCH" missed="0" covered="2"/><counter type="LINE" missed="0" covered="8"/><counter type="COMPLEXITY" missed="0" covered="2"/><counter type="METHOD" missed="0" covered="1"/></method><method name="handleReply" desc="(Lorg/onosproject/incubator/net/neighbour/NeighbourMessageContext;Lorg/onosproject/net/host/HostService;)V" line="167"><counter type="INSTRUCTION" missed="0" covered="48"/><counter type="BRANCH" missed="0" covered="2"/><counter type="LINE" missed="0" covered="15"/><counter type="COMPLEXITY" missed="0" covered="2"/><counter type="METHOD" missed="0" covered="1"/></method><method name="findVpls" desc="(Lorg/onosproject/incubator/net/neighbour/NeighbourMessageContext;)Lorg/onosproject/vpls/api/VplsData;" line="195"><counter type="INSTRUCTION" missed="0" covered="37"/><counter type="BRANCH" missed="0" covered="4"/><counter type="LINE" missed="0" covered="11"/><counter type="COMPLEXITY" missed="0" covered="3"/><counter type="METHOD" missed="0" covered="1"/></method><method name="getHostInterface" desc="(Lorg/onosproject/net/Host;)Lorg/onosproject/incubator/net/intf/Interface;" line="217"><counter type="INSTRUCTION" missed="0" covered="14"/><counter type="LINE" missed="0" covered="5"/><counter type="COMPLEXITY" missed="0" covered="1"/><counter type="METHOD" missed="0" covered="1"/></method><method name="lambda$getHostInterface$4" desc="(Lorg/onosproject/net/Host;Lorg/onosproject/incubator/net/intf/Interface;)Z" line="219"><counter type="INSTRUCTION" missed="0" covered="16"/><counter type="BRANCH" missed="0" covered="4"/><counter type="LINE" missed="0" covered="2"/><counter type="COMPLEXITY" missed="0" covered="3"/><counter type="METHOD" missed="0" covered="1"/></method><method name="lambda$findVpls$3" desc="(Lorg/onosproject/net/ConnectPoint;Lorg/onlab/packet/VlanId;Lorg/onosproject/incubator/net/intf/Interface;)Z" line="201"><counter type="INSTRUCTION" missed="0" covered="14"/><counter type="BRANCH" missed="0" covered="4"/><counter type="LINE" missed="0" covered="2"/><counter type="COMPLEXITY" missed="0" covered="3"/><counter type="METHOD" missed="0" covered="1"/></method><method name="lambda$handleReply$2" desc="(Lorg/onosproject/vpls/api/VplsData;Lorg/onosproject/net/Host;)Z" line="172"><counter type="INSTRUCTION" missed="0" covered="7"/><counter type="LINE" missed="0" covered="1"/><counter type="COMPLEXITY" missed="0" covered="1"/><counter type="METHOD" missed="0" covered="1"/></method><method name="lambda$handleRequest$1" desc="(Lorg/onosproject/incubator/net/neighbour/NeighbourMessageContext;Lorg/onosproject/incubator/net/intf/Interface;)Z" line="150"><counter type="INSTRUCTION" missed="0" covered="10"/><counter type="BRANCH" missed="0" covered="2"/><counter type="LINE" missed="0" covered="1"/><counter type="COMPLEXITY" missed="0" covered="2"/><counter type="METHOD" missed="0" covered="1"/></method><method name="lambda$configNeighbourHandler$0" desc="(Lorg/onosproject/incubator/net/intf/Interface;)V" line="113"><counter type="INSTRUCTION" missed="0" covered="9"/><counter type="LINE" missed="0" covered="1"/><counter type="COMPLEXITY" missed="0" covered="1"/><counter type="METHOD" missed="0" covered="1"/></method><method name="bindCoreService" desc="(Lorg/onosproject/core/CoreService;)V"><counter type="INSTRUCTION" missed="4" covered="0"/><counter type="COMPLEXITY" missed="1" covered="0"/><counter type="METHOD" missed="1" covered="0"/></method><method name="unbindCoreService" desc="(Lorg/onosproject/core/CoreService;)V"><counter type="INSTRUCTION" missed="8" covered="0"/><counter type="BRANCH" missed="2" covered="0"/><counter type="COMPLEXITY" missed="2" covered="0"/><counter type="METHOD" missed="1" covered="0"/></method><method name="bindInterfaceService" desc="(Lorg/onosproject/incubator/net/intf/InterfaceService;)V"><counter type="INSTRUCTION" missed="4" covered="0"/><counter type="COMPLEXITY" missed="1" covered="0"/><counter type="METHOD" missed="1" covered="0"/></method><method name="unbindInterfaceService" desc="(Lorg/onosproject/incubator/net/intf/InterfaceService;)V"><counter type="INSTRUCTION" missed="8" covered="0"/><counter type="BRANCH" missed="2" covered="0"/><counter type="COMPLEXITY" missed="2" covered="0"/><counter type="METHOD" missed="1" covered="0"/></method><method name="bindNeighbourService" desc="(Lorg/onosproject/incubator/net/neighbour/NeighbourResolutionService;)V"><counter type="INSTRUCTION" missed="4" covered="0"/><counter type="COMPLEXITY" missed="1" covered="0"/><counter type="METHOD" missed="1" covered="0"/></method><method name="unbindNeighbourService" desc="(Lorg/onosproject/incubator/net/neighbour/NeighbourResolutionService;)V"><counter type="INSTRUCTION" missed="8" covered="0"/><counter type="BRANCH" missed="2" covered="0"/><counter type="COMPLEXITY" missed="2" covered="0"/><counter type="METHOD" missed="1" covered="0"/></method><method name="bindVplsStore" desc="(Lorg/onosproject/vpls/api/VplsStore;)V"><counter type="INSTRUCTION" missed="4" covered="0"/><counter type="COMPLEXITY" missed="1" covered="0"/><counter type="METHOD" missed="1" covered="0"/></method><method name="unbindVplsStore" desc="(Lorg/onosproject/vpls/api/VplsStore;)V"><counter type="INSTRUCTION" missed="8" covered="0"/><counter type="BRANCH" missed="2" covered="0"/><counter type="COMPLEXITY" missed="2" covered="0"/><counter type="METHOD" missed="1" covered="0"/></method><method name="bindConfigService" desc="(Lorg/onosproject/net/config/NetworkConfigService;)V"><counter type="INSTRUCTION" missed="4" covered="0"/><counter type="COMPLEXITY" missed="1" covered="0"/><counter type="METHOD" missed="1" covered="0"/></method><method name="unbindConfigService" desc="(Lorg/onosproject/net/config/NetworkConfigService;)V"><counter type="INSTRUCTION" missed="8" covered="0"/><counter type="BRANCH" missed="2" covered="0"/><counter type="COMPLEXITY" missed="2" covered="0"/><counter type="METHOD" missed="1" covered="0"/></method><counter type="INSTRUCTION" missed="60" covered="261"/><counter type="BRANCH" missed="10" covered="18"/><counter type="LINE" missed="0" covered="60"/><counter type="COMPLEXITY" missed="15" covered="22"/><counter type="METHOD" missed="10" covered="13"/><counter type="CLASS" missed="0" covered="1"/></class><class name="org/onosproject/vpls/VplsNeighbourHandler$VplsInterfaceListener"><method name="&lt;init&gt;" desc="(Lorg/onosproject/vpls/VplsNeighbourHandler;)V" line="228"><counter type="INSTRUCTION" missed="0" covered="6"/><counter type="LINE" missed="0" covered="1"/><counter type="COMPLEXITY" missed="0" covered="1"/><counter type="METHOD" missed="0" covered="1"/></method><method name="event" desc="(Lorg/onosproject/incubator/net/intf/InterfaceEvent;)V" line="232"><counter type="INSTRUCTION" missed="4" covered="0"/><counter type="LINE" missed="2" covered="0"/><counter type="COMPLEXITY" missed="1" covered="0"/><counter type="METHOD" missed="1" covered="0"/></method><counter type="INSTRUCTION" missed="4" covered="6"/><counter type="LINE" missed="2" covered="1"/><counter type="COMPLEXITY" missed="1" covered="1"/><counter type="METHOD" missed="1" covered="1"/><counter type="CLASS" missed="0" covered="1"/></class><class name="org/onosproject/vpls/VplsOperationManager$VplsOperationExecutor$IntentCompleter"><method name="&lt;init&gt;" desc="(Lorg/onosproject/vpls/VplsOperationManager$VplsOperationExecutor;Ljava/util/Set;Lorg/onosproject/net/intent/IntentEvent$Type;)V" line="574"><counter type="INSTRUCTION" missed="0" covered="18"/><counter type="LINE" missed="0" covered="5"/><counter type="COMPLEXITY" missed="0" covered="1"/><counter type="METHOD" missed="0" covered="1"/></method><method name="event" desc="(Lorg/onosproject/net/intent/IntentEvent;)V" line="582"><counter type="INSTRUCTION" missed="1" covered="50"/><counter type="BRANCH" missed="3" covered="7"/><counter type="LINE" missed="1" covered="12"/><counter type="COMPLEXITY" missed="3" covered="3"/><counter type="METHOD" missed="0" covered="1"/></method><method name="complete" desc="()V" line="608"><counter type="INSTRUCTION" missed="8" covered="23"/><counter type="BRANCH" missed="0" covered="2"/><counter type="LINE" missed="3" covered="5"/><counter type="COMPLEXITY" missed="0" covered="2"/><counter type="METHOD" missed="0" covered="1"/></method><counter type="INSTRUCTION" missed="9" covered="91"/><counter type="BRANCH" missed="3" covered="9"/><counter type="LINE" missed="4" covered="22"/><counter type="COMPLEXITY" missed="3" covered="6"/><counter type="METHOD" missed="0" covered="3"/><counter type="CLASS" missed="0" covered="1"/></class><class name="org/onosproject/vpls/VplsNeighbourHandler$VplsNeighbourMessageHandler"><method name="&lt;init&gt;" desc="(Lorg/onosproject/vpls/VplsNeighbourHandler;)V" line="121"><counter type="INSTRUCTION" missed="0" covered="6"/><counter type="LINE" missed="0" covered="1"/><counter type="COMPLEXITY" missed="0" covered="1"/><counter type="METHOD" missed="0" covered="1"/></method><method name="handleMessage" desc="(Lorg/onosproject/incubator/net/neighbour/NeighbourMessageContext;Lorg/onosproject/net/host/HostService;)V" line="126"><counter type="INSTRUCTION" missed="7" covered="18"/><counter type="BRANCH" missed="1" covered="2"/><counter type="LINE" missed="1" covered="6"/><counter type="COMPLEXITY" missed="1" covered="2"/><counter type="METHOD" missed="0" covered="1"/></method><counter type="INSTRUCTION" missed="7" covered="24"/><counter type="BRANCH" missed="1" covered="2"/><counter type="LINE" missed="1" covered="7"/><counter type="COMPLEXITY" missed="1" covered="3"/><counter type="METHOD" missed="0" covered="2"/><counter type="CLASS" missed="0" covered="1"/></class><class name="org/onosproject/vpls/VplsOperationManager"><method name="&lt;init&gt;" desc="()V" line="82"><counter type="INSTRUCTION" missed="0" covered="11"/><counter type="LINE" missed="0" covered="3"/><counter type="COMPLEXITY" missed="0" covered="1"/><counter type="METHOD" missed="0" covered="1"/></method><method name="activate" desc="()V" line="115"><counter type="INSTRUCTION" missed="0" covered="64"/><counter type="LINE" missed="0" covered="12"/><counter type="COMPLEXITY" missed="0" covered="1"/><counter type="METHOD" missed="0" covered="1"/></method><method name="deactivate" desc="()V" line="143"><counter type="INSTRUCTION" missed="0" covered="32"/><counter type="LINE" missed="0" covered="9"/><counter type="COMPLEXITY" missed="0" covered="1"/><counter type="METHOD" missed="0" covered="1"/></method><method name="submit" desc="(Lorg/onosproject/vpls/api/VplsOperation;)V" line="157"><counter type="INSTRUCTION" missed="0" covered="7"/><counter type="BRANCH" missed="1" covered="1"/><counter type="LINE" missed="0" covered="3"/><counter type="COMPLEXITY" missed="1" covered="1"/><counter type="METHOD" missed="0" covered="1"/></method><method name="addVplsOperation" desc="(Lorg/onosproject/vpls/api/VplsOperation;)V" line="169"><counter type="INSTRUCTION" missed="0" covered="12"/><counter type="LINE" missed="0" covered="3"/><counter type="COMPLEXITY" missed="0" covered="1"/><counter type="METHOD" missed="0" covered="1"/></method><method name="getOptimizedVplsOperation" desc="(Ljava/util/Deque;)Lorg/onosproject/vpls/api/VplsOperation;" line="190"><counter type="INSTRUCTION" missed="0" covered="92"/><counter type="BRANCH" missed="0" covered="20"/><counter type="LINE" missed="0" covered="25"/><counter type="COMPLEXITY" missed="0" covered="11"/><counter type="METHOD" missed="0" covered="1"/></method><method name="lambda$addVplsOperation$1" desc="(Lorg/onosproject/vpls/api/VplsOperation;Ljava/lang/String;Ljava/util/Deque;)Ljava/util/Deque;" line="171"><counter type="INSTRUCTION" missed="0" covered="18"/><counter type="BRANCH" missed="0" covered="4"/><counter type="LINE" missed="0" covered="5"/><counter type="COMPLEXITY" missed="0" covered="3"/><counter type="METHOD" missed="0" covered="1"/></method><method name="lambda$deactivate$0" desc="(Lorg/onosproject/net/intent/Intent;)Z" line="151"><counter type="INSTRUCTION" missed="0" covered="6"/><counter type="LINE" missed="0" covered="1"/><counter type="COMPLEXITY" missed="0" covered="1"/><counter type="METHOD" missed="0" covered="1"/></method><method name="bindCoreService" desc="(Lorg/onosproject/core/CoreService;)V"><counter type="INSTRUCTION" missed="4" covered="0"/><counter type="COMPLEXITY" missed="1" covered="0"/><counter type="METHOD" missed="1" covered="0"/></method><method name="unbindCoreService" desc="(Lorg/onosproject/core/CoreService;)V"><counter type="INSTRUCTION" missed="8" covered="0"/><counter type="BRANCH" missed="2" covered="0"/><counter type="COMPLEXITY" missed="2" covered="0"/><counter type="METHOD" missed="1" covered="0"/></method><method name="bindIntentService" desc="(Lorg/onosproject/net/intent/IntentService;)V"><counter type="INSTRUCTION" missed="4" covered="0"/><counter type="COMPLEXITY" missed="1" covered="0"/><counter type="METHOD" missed="1" covered="0"/></method><method name="unbindIntentService" desc="(Lorg/onosproject/net/intent/IntentService;)V"><counter type="INSTRUCTION" missed="8" covered="0"/><counter type="BRANCH" missed="2" covered="0"/><counter type="COMPLEXITY" missed="2" covered="0"/><counter type="METHOD" missed="1" covered="0"/></method><method name="bindLeadershipService" desc="(Lorg/onosproject/cluster/LeadershipService;)V"><counter type="INSTRUCTION" missed="4" covered="0"/><counter type="COMPLEXITY" missed="1" covered="0"/><counter type="METHOD" missed="1" covered="0"/></method><method name="unbindLeadershipService" desc="(Lorg/onosproject/cluster/LeadershipService;)V"><counter type="INSTRUCTION" missed="8" covered="0"/><counter type="BRANCH" missed="2" covered="0"/><counter type="COMPLEXITY" missed="2" covered="0"/><counter type="METHOD" missed="1" covered="0"/></method><method name="bindClusterService" desc="(Lorg/onosproject/cluster/ClusterService;)V"><counter type="INSTRUCTION" missed="4" covered="0"/><counter type="COMPLEXITY" missed="1" covered="0"/><counter type="METHOD" missed="1" covered="0"/></method><method name="unbindClusterService" desc="(Lorg/onosproject/cluster/ClusterService;)V"><counter type="INSTRUCTION" missed="8" covered="0"/><counter type="BRANCH" missed="2" covered="0"/><counter type="COMPLEXITY" missed="2" covered="0"/><counter type="METHOD" missed="1" covered="0"/></method><method name="bindHostService" desc="(Lorg/onosproject/net/host/HostService;)V"><counter type="INSTRUCTION" missed="4" covered="0"/><counter type="COMPLEXITY" missed="1" covered="0"/><counter type="METHOD" missed="1" covered="0"/></method><method name="unbindHostService" desc="(Lorg/onosproject/net/host/HostService;)V"><counter type="INSTRUCTION" missed="8" covered="0"/><counter type="BRANCH" missed="2" covered="0"/><counter type="COMPLEXITY" missed="2" covered="0"/><counter type="METHOD" missed="1" covered="0"/></method><method name="bindVplsStore" desc="(Lorg/onosproject/vpls/api/VplsStore;)V"><counter type="INSTRUCTION" missed="4" covered="0"/><counter type="COMPLEXITY" missed="1" covered="0"/><counter type="METHOD" missed="1" covered="0"/></method><method name="unbindVplsStore" desc="(Lorg/onosproject/vpls/api/VplsStore;)V"><counter type="INSTRUCTION" missed="8" covered="0"/><counter type="BRANCH" missed="2" covered="0"/><counter type="COMPLEXITY" missed="2" covered="0"/><counter type="METHOD" missed="1" covered="0"/></method><counter type="INSTRUCTION" missed="72" covered="242"/><counter type="BRANCH" missed="13" covered="25"/><counter type="LINE" missed="0" covered="60"/><counter type="COMPLEXITY" missed="19" covered="20"/><counter type="METHOD" missed="12" covered="8"/><counter type="CLASS" missed="0" covered="1"/></class><class name="org/onosproject/vpls/VplsOperationManager$1"><method name="&lt;clinit&gt;" desc="()V" line="285"><counter type="INSTRUCTION" missed="10" covered="77"/><counter type="LINE" missed="0" covered="4"/><counter type="COMPLEXITY" missed="0" covered="1"/><counter type="METHOD" missed="0" covered="1"/></method><counter type="INSTRUCTION" missed="10" covered="77"/><counter type="LINE" missed="0" covered="4"/><counter type="COMPLEXITY" missed="0" covered="1"/><counter type="METHOD" missed="0" covered="1"/><counter type="CLASS" missed="0" covered="1"/></class><class name="org/onosproject/vpls/VplsOperationManager$VplsOperationScheduler"><method name="&lt;init&gt;" desc="(Lorg/onosproject/vpls/VplsOperationManager;)V" line="249"><counter type="INSTRUCTION" missed="0" covered="6"/><counter type="LINE" missed="0" covered="1"/><counter type="COMPLEXITY" missed="0" covered="1"/><counter type="METHOD" missed="0" covered="1"/></method><method name="run" desc="()V" line="260"><counter type="INSTRUCTION" missed="0" covered="10"/><counter type="LINE" missed="0" covered="3"/><counter type="COMPLEXITY" missed="0" covered="1"/><counter type="METHOD" missed="0" covered="1"/></method><method name="lambda$run$2" desc="(Ljava/lang/String;)V" line="263"><counter type="INSTRUCTION" missed="8" covered="64"/><counter type="BRANCH" missed="1" covered="3"/><counter type="LINE" missed="1" covered="13"/><counter type="COMPLEXITY" missed="1" covered="2"/><counter type="METHOD" missed="0" covered="1"/></method><method name="lambda$null$1" desc="(Ljava/lang/String;Lorg/onosproject/vpls/api/VplsOperationException;)V" line="305"><counter type="INSTRUCTION" missed="0" covered="30"/><counter type="LINE" missed="0" covered="10"/><counter type="COMPLEXITY" missed="0" covered="1"/><counter type="METHOD" missed="0" covered="1"/></method><method name="lambda$null$0" desc="(Ljava/lang/String;Lorg/onosproject/vpls/api/VplsOperation;)V" line="283"><counter type="INSTRUCTION" missed="15" covered="32"/><counter type="BRANCH" missed="1" covered="2"/><counter type="LINE" missed="3" covered="9"/><counter type="COMPLEXITY" missed="1" covered="2"/><counter type="METHOD" missed="0" covered="1"/></method><counter type="INSTRUCTION" missed="23" covered="142"/><counter type="BRANCH" missed="2" covered="5"/><counter type="LINE" missed="4" covered="36"/><counter type="COMPLEXITY" missed="2" covered="7"/><counter type="METHOD" missed="0" covered="5"/><counter type="CLASS" missed="0" covered="1"/></class><class name="org/onosproject/vpls/VplsNeighbourHandler$VplsConfigListener"><method name="&lt;init&gt;" desc="(Lorg/onosproject/vpls/VplsNeighbourHandler;)V" line="239"><counter type="INSTRUCTION" missed="0" covered="6"/><counter type="LINE" missed="0" covered="1"/><counter type="COMPLEXITY" missed="0" covered="1"/><counter type="METHOD" missed="0" covered="1"/></method><method name="event" desc="(Lorg/onosproject/net/config/NetworkConfigEvent;)V" line="243"><counter type="INSTRUCTION" missed="4" covered="0"/><counter type="LINE" missed="2" covered="0"/><counter type="COMPLEXITY" missed="1" covered="0"/><counter type="METHOD" missed="1" covered="0"/></method><counter type="INSTRUCTION" missed="4" covered="6"/><counter type="LINE" missed="2" covered="1"/><counter type="COMPLEXITY" missed="1" covered="1"/><counter type="METHOD" missed="1" covered="1"/><counter type="CLASS" missed="0" covered="1"/></class><class name="org/onosproject/vpls/VplsManager$VplsHostListener"><method name="&lt;init&gt;" desc="(Lorg/onosproject/vpls/VplsManager;)V" line="195"><counter type="INSTRUCTION" missed="0" covered="6"/><counter type="LINE" missed="0" covered="1"/><counter type="COMPLEXITY" missed="0" covered="1"/><counter type="METHOD" missed="0" covered="1"/></method><method name="event" desc="(Lorg/onosproject/net/host/HostEvent;)V" line="198"><counter type="INSTRUCTION" missed="2" covered="31"/><counter type="BRANCH" missed="2" covered="2"/><counter type="LINE" missed="2" covered="10"/><counter type="COMPLEXITY" missed="2" covered="1"/><counter type="METHOD" missed="0" covered="1"/></method><method name="getHostInterface" desc="(Lorg/onosproject/net/Host;)Lorg/onosproject/incubator/net/intf/Interface;" line="222"><counter type="INSTRUCTION" missed="0" covered="15"/><counter type="LINE" missed="0" covered="5"/><counter type="COMPLEXITY" missed="0" covered="1"/><counter type="METHOD" missed="0" covered="1"/></method><method name="lambda$getHostInterface$1" desc="(Lorg/onosproject/net/Host;Lorg/onosproject/incubator/net/intf/Interface;)Z" line="224"><counter type="INSTRUCTION" missed="1" covered="15"/><counter type="BRANCH" missed="2" covered="2"/><counter type="LINE" missed="0" covered="2"/><counter type="COMPLEXITY" missed="2" covered="1"/><counter type="METHOD" missed="0" covered="1"/></method><method name="lambda$event$0" desc="(Lorg/onosproject/incubator/net/intf/Interface;Lorg/onosproject/vpls/api/VplsData;)Z" line="204"><counter type="INSTRUCTION" missed="0" covered="5"/><counter type="LINE" missed="0" covered="1"/><counter type="COMPLEXITY" missed="0" covered="1"/><counter type="METHOD" missed="0" covered="1"/></method><counter type="INSTRUCTION" missed="3" covered="72"/><counter type="BRANCH" missed="4" covered="4"/><counter type="LINE" missed="2" covered="17"/><counter type="COMPLEXITY" missed="4" covered="5"/><counter type="METHOD" missed="0" covered="5"/><counter type="CLASS" missed="0" covered="1"/></class><class name="org/onosproject/vpls/VplsManager"><method name="&lt;init&gt;" desc="()V" line="52"><counter type="INSTRUCTION" missed="0" covered="8"/><counter type="LINE" missed="0" covered="2"/><counter type="COMPLEXITY" missed="0" covered="1"/><counter type="METHOD" missed="0" covered="1"/></method><method name="activate" desc="()V" line="75"><counter type="INSTRUCTION" missed="0" covered="23"/><counter type="LINE" missed="0" covered="5"/><counter type="COMPLEXITY" missed="0" covered="1"/><counter type="METHOD" missed="0" covered="1"/></method><method name="deactivate" desc="()V" line="84"><counter type="INSTRUCTION" missed="0" covered="11"/><counter type="LINE" missed="0" covered="3"/><counter type="COMPLEXITY" missed="0" covered="1"/><counter type="METHOD" missed="0" covered="1"/></method><method name="createVpls" desc="(Ljava/lang/String;Lorg/onosproject/net/EncapsulationType;)Lorg/onosproject/vpls/api/VplsData;" line="90"><counter type="INSTRUCTION" missed="2" covered="21"/><counter type="BRANCH" missed="1" covered="1"/><counter type="LINE" missed="1" covered="6"/><counter type="COMPLEXITY" missed="1" covered="1"/><counter type="METHOD" missed="0" covered="1"/></method><method name="removeVpls" desc="(Lorg/onosproject/vpls/api/VplsData;)Lorg/onosproject/vpls/api/VplsData;" line="105"><counter type="INSTRUCTION" missed="0" covered="15"/><counter type="LINE" missed="0" covered="5"/><counter type="COMPLEXITY" missed="0" covered="1"/><counter type="METHOD" missed="0" covered="1"/></method><method name="addInterfaces" desc="(Lorg/onosproject/vpls/api/VplsData;Ljava/util/Collection;)V" line="114"><counter type="INSTRUCTION" missed="0" covered="17"/><counter type="LINE" missed="0" covered="6"/><counter type="COMPLEXITY" missed="0" covered="1"/><counter type="METHOD" missed="0" covered="1"/></method><method name="addInterface" desc="(Lorg/onosproject/vpls/api/VplsData;Lorg/onosproject/incubator/net/intf/Interface;)V" line="123"><counter type="INSTRUCTION" missed="0" covered="17"/><counter type="LINE" missed="0" covered="6"/><counter type="COMPLEXITY" missed="0" covered="1"/><counter type="METHOD" missed="0" covered="1"/></method><method name="setEncapsulationType" desc="(Lorg/onosproject/vpls/api/VplsData;Lorg/onosproject/net/EncapsulationType;)V" line="132"><counter type="INSTRUCTION" missed="1" covered="22"/><counter type="BRANCH" missed="1" covered="1"/><counter type="LINE" missed="1" covered="7"/><counter type="COMPLEXITY" missed="1" covered="1"/><counter type="METHOD" missed="0" covered="1"/></method><method name="getVpls" desc="(Ljava/lang/String;)Lorg/onosproject/vpls/api/VplsData;" line="145"><counter type="INSTRUCTION" missed="0" covered="8"/><counter type="LINE" missed="0" covered="2"/><counter type="COMPLEXITY" missed="0" covered="1"/><counter type="METHOD" missed="0" covered="1"/></method><method name="removeInterfaces" desc="(Lorg/onosproject/vpls/api/VplsData;Ljava/util/Collection;)Ljava/util/Collection;" line="151"><counter type="INSTRUCTION" missed="0" covered="18"/><counter type="LINE" missed="0" covered="6"/><counter type="COMPLEXITY" missed="0" covered="1"/><counter type="METHOD" missed="0" covered="1"/></method><method name="removeInterface" desc="(Lorg/onosproject/vpls/api/VplsData;Lorg/onosproject/incubator/net/intf/Interface;)Lorg/onosproject/incubator/net/intf/Interface;" line="161"><counter type="INSTRUCTION" missed="0" covered="18"/><counter type="LINE" missed="0" covered="6"/><counter type="COMPLEXITY" missed="0" covered="1"/><counter type="METHOD" missed="0" covered="1"/></method><method name="removeAllVpls" desc="()V" line="171"><counter type="INSTRUCTION" missed="0" covered="10"/><counter type="LINE" missed="0" covered="3"/><counter type="COMPLEXITY" missed="0" covered="1"/><counter type="METHOD" missed="0" covered="1"/></method><method name="getAllVpls" desc="()Ljava/util/Collection;" line="177"><counter type="INSTRUCTION" missed="5" covered="0"/><counter type="LINE" missed="1" covered="0"/><counter type="COMPLEXITY" missed="1" covered="0"/><counter type="METHOD" missed="1" covered="0"/></method><method name="updateVplsStatus" desc="(Lorg/onosproject/vpls/api/VplsData;Lorg/onosproject/vpls/api/VplsData$VplsState;)V" line="187"><counter type="INSTRUCTION" missed="0" covered="8"/><counter type="LINE" missed="0" covered="3"/><counter type="COMPLEXITY" missed="0" covered="1"/><counter type="METHOD" missed="0" covered="1"/></method><method name="bindHostService" desc="(Lorg/onosproject/net/host/HostService;)V"><counter type="INSTRUCTION" missed="4" covered="0"/><counter type="COMPLEXITY" missed="1" covered="0"/><counter type="METHOD" missed="1" covered="0"/></method><method name="unbindHostService" desc="(Lorg/onosproject/net/host/HostService;)V"><counter type="INSTRUCTION" missed="8" covered="0"/><counter type="BRANCH" missed="2" covered="0"/><counter type="COMPLEXITY" missed="2" covered="0"/><counter type="METHOD" missed="1" covered="0"/></method><method name="bindInterfaceService" desc="(Lorg/onosproject/incubator/net/intf/InterfaceService;)V"><counter type="INSTRUCTION" missed="4" covered="0"/><counter type="COMPLEXITY" missed="1" covered="0"/><counter type="METHOD" missed="1" covered="0"/></method><method name="unbindInterfaceService" desc="(Lorg/onosproject/incubator/net/intf/InterfaceService;)V"><counter type="INSTRUCTION" missed="8" covered="0"/><counter type="BRANCH" missed="2" covered="0"/><counter type="COMPLEXITY" missed="2" covered="0"/><counter type="METHOD" missed="1" covered="0"/></method><method name="bindVplsStore" desc="(Lorg/onosproject/vpls/api/VplsStore;)V"><counter type="INSTRUCTION" missed="4" covered="0"/><counter type="COMPLEXITY" missed="1" covered="0"/><counter type="METHOD" missed="1" covered="0"/></method><method name="unbindVplsStore" desc="(Lorg/onosproject/vpls/api/VplsStore;)V"><counter type="INSTRUCTION" missed="8" covered="0"/><counter type="BRANCH" missed="2" covered="0"/><counter type="COMPLEXITY" missed="2" covered="0"/><counter type="METHOD" missed="1" covered="0"/></method><method name="bindOperationService" desc="(Lorg/onosproject/vpls/api/VplsOperationService;)V"><counter type="INSTRUCTION" missed="4" covered="0"/><counter type="COMPLEXITY" missed="1" covered="0"/><counter type="METHOD" missed="1" covered="0"/></method><method name="unbindOperationService" desc="(Lorg/onosproject/vpls/api/VplsOperationService;)V"><counter type="INSTRUCTION" missed="8" covered="0"/><counter type="BRANCH" missed="2" covered="0"/><counter type="COMPLEXITY" missed="2" covered="0"/><counter type="METHOD" missed="1" covered="0"/></method><counter type="INSTRUCTION" missed="56" covered="196"/><counter type="BRANCH" missed="10" covered="2"/><counter type="LINE" missed="3" covered="60"/><counter type="COMPLEXITY" missed="15" covered="13"/><counter type="METHOD" missed="9" covered="13"/><counter type="CLASS" missed="0" covered="1"/></class><sourcefile name="VplsManager.java"><line nr="52" mi="0" ci="2" mb="0" cb="0"/><line nr="56" mi="0" ci="6" mb="0" cb="0"/><line nr="75" mi="0" ci="6" mb="0" cb="0"/><line nr="76" mi="0" ci="6" mb="0" cb="0"/><line nr="78" mi="0" ci="5" mb="0" cb="0"/><line nr="79" mi="0" ci="5" mb="0" cb="0"/><line nr="80" mi="0" ci="1" mb="0" cb="0"/><line nr="84" mi="0" ci="5" mb="0" cb="0"/><line nr="85" mi="0" ci="5" mb="0" cb="0"/><line nr="86" mi="0" ci="1" mb="0" cb="0"/><line nr="90" mi="0" ci="3" mb="0" cb="0"/><line nr="91" mi="0" ci="3" mb="0" cb="0"/><line nr="93" mi="0" ci="5" mb="1" cb="1"/><line nr="94" mi="2" ci="0" mb="0" cb="0"/><line nr="97" mi="0" ci="4" mb="0" cb="0"/><line nr="98" mi="0" ci="4" mb="0" cb="0"/><line nr="100" mi="0" ci="2" mb="0" cb="0"/><line nr="105" mi="0" ci="3" mb="0" cb="0"/><line nr="106" mi="0" ci="3" mb="0" cb="0"/><line nr="107" mi="0" ci="3" mb="0" cb="0"/><line nr="108" mi="0" ci="4" mb="0" cb="0"/><line nr="109" mi="0" ci="2" mb="0" cb="0"/><line nr="114" mi="0" ci="3" mb="0" cb="0"/><line nr="115" mi="0" ci="3" mb="0" cb="0"/><line nr="116" mi="0" ci="3" mb="0" cb="0"/><line nr="117" mi="0" ci="3" mb="0" cb="0"/><line nr="118" mi="0" ci="4" mb="0" cb="0"/><line nr="119" mi="0" ci="1" mb="0" cb="0"/><line nr="123" mi="0" ci="3" mb="0" cb="0"/><line nr="124" mi="0" ci="3" mb="0" cb="0"/><line nr="125" mi="0" ci="3" mb="0" cb="0"/><line nr="126" mi="0" ci="3" mb="0" cb="0"/><line nr="127" mi="0" ci="4" mb="0" cb="0"/><line nr="128" mi="0" ci="1" mb="0" cb="0"/><line nr="132" mi="0" ci="3" mb="0" cb="0"/><line nr="133" mi="0" ci="3" mb="0" cb="0"/><line nr="134" mi="0" ci="3" mb="0" cb="0"/><line nr="135" mi="0" ci="5" mb="1" cb="1"/><line nr="137" mi="1" ci="0" mb="0" cb="0"/><line nr="139" mi="0" ci="3" mb="0" cb="0"/><line nr="140" mi="0" ci="4" mb="0" cb="0"/><line nr="141" mi="0" ci="1" mb="0" cb="0"/><line nr="145" mi="0" ci="3" mb="0" cb="0"/><line nr="146" mi="0" ci="5" mb="0" cb="0"/><line nr="151" mi="0" ci="3" mb="0" cb="0"/><line nr="152" mi="0" ci="3" mb="0" cb="0"/><line nr="153" mi="0" ci="3" mb="0" cb="0"/><line nr="154" mi="0" ci="3" mb="0" cb="0"/><line nr="155" mi="0" ci="4" mb="0" cb="0"/><line nr="156" mi="0" ci="2" mb="0" cb="0"/><line nr="161" mi="0" ci="3" mb="0" cb="0"/><line nr="162" mi="0" ci="3" mb="0" cb="0"/><line nr="163" mi="0" ci="3" mb="0" cb="0"/><line nr="164" mi="0" ci="3" mb="0" cb="0"/><line nr="165" mi="0" ci="4" mb="0" cb="0"/><line nr="166" mi="0" ci="2" mb="0" cb="0"/><line nr="171" mi="0" ci="5" mb="0" cb="0"/><line nr="172" mi="0" ci="4" mb="0" cb="0"/><line nr="173" mi="0" ci="1" mb="0" cb="0"/><line nr="177" mi="5" ci="0" mb="0" cb="0"/><line nr="187" mi="0" ci="3" mb="0" cb="0"/><line nr="188" mi="0" ci="4" mb="0" cb="0"/><line nr="189" mi="0" ci="1" mb="0" cb="0"/><line nr="195" mi="0" ci="6" mb="0" cb="0"/><line nr="198" mi="0" ci="4" mb="0" cb="0"/><line nr="199" mi="0" ci="4" mb="0" cb="0"/><line nr="200" mi="0" ci="2" mb="1" cb="1"/><line nr="201" mi="1" ci="0" mb="0" cb="0"/><line nr="203" mi="0" ci="7" mb="0" cb="0"/><line nr="204" mi="0" ci="6" mb="0" cb="0"/><line nr="205" mi="0" ci="2" mb="0" cb="0"/><line nr="206" mi="0" ci="3" mb="0" cb="0"/><line nr="207" mi="0" ci="2" mb="1" cb="1"/><line nr="209" mi="1" ci="0" mb="0" cb="0"/><line nr="211" mi="0" ci="5" mb="0" cb="0"/><line nr="212" mi="0" ci="1" mb="0" cb="0"/><line nr="222" mi="0" ci="5" mb="0" cb="0"/><line nr="223" mi="0" ci="5" mb="0" cb="0"/><line nr="224" mi="0" ci="9" mb="1" cb="1"/><line nr="225" mi="1" ci="7" mb="1" cb="1"/><line nr="226" mi="0" ci="2" mb="0" cb="0"/><line nr="227" mi="0" ci="2" mb="0" cb="0"/><line nr="236" mi="0" ci="6" mb="0" cb="0"/><line nr="242" mi="0" ci="4" mb="0" cb="0"/><line nr="243" mi="3" ci="30" mb="1" cb="3"/><line nr="245" mi="0" ci="2" mb="0" cb="0"/><line nr="246" mi="0" ci="1" mb="0" cb="0"/><line nr="248" mi="0" ci="2" mb="0" cb="0"/><line nr="249" mi="0" ci="1" mb="0" cb="0"/><line nr="251" mi="0" ci="5" mb="1" cb="1"/><line nr="252" mi="0" ci="4" mb="0" cb="2"/><line nr="253" mi="0" ci="3" mb="1" cb="1"/><line nr="256" mi="0" ci="3" mb="0" cb="0"/><line nr="258" mi="0" ci="2" mb="0" cb="0"/><line nr="260" mi="0" ci="1" mb="0" cb="0"/><line nr="262" mi="7" ci="0" mb="0" cb="0"/><line nr="263" mi="1" ci="0" mb="0" cb="0"/><line nr="265" mi="0" ci="2" mb="0" cb="2"/><line nr="266" mi="0" ci="4" mb="0" cb="0"/><line nr="267" mi="0" ci="5" mb="0" cb="0"/><line nr="269" mi="0" ci="1" mb="0" cb="0"/><counter type="INSTRUCTION" missed="70" covered="344"/><counter type="BRANCH" missed="17" covered="15"/><counter type="LINE" missed="7" covered="94"/><counter type="COMPLEXITY" missed="22" covered="25"/><counter type="METHOD" missed="9" covered="21"/><counter type="CLASS" missed="0" covered="4"/></sourcefile><sourcefile name="VplsOperationManager.java"><line nr="82" mi="0" ci="2" mb="0" cb="0"/><line nr="103" mi="0" ci="5" mb="0" cb="0"/><line nr="105" mi="0" ci="4" mb="0" cb="0"/><line nr="115" mi="0" ci="6" mb="0" cb="0"/><line nr="116" mi="0" ci="6" mb="0" cb="0"/><line nr="118" mi="0" ci="7" mb="0" cb="0"/><line nr="119" mi="0" ci="5" mb="0" cb="0"/><line nr="120" mi="0" ci="7" mb="0" cb="0"/><line nr="121" mi="0" ci="3" mb="0" cb="0"/><line nr="124" mi="0" ci="8" mb="0" cb="0"/><line nr="125" mi="0" ci="1" mb="0" cb="0"/><line nr="129" mi="0" ci="8" mb="0" cb="0"/><line nr="130" mi="0" ci="1" mb="0" cb="0"/><line nr="134" mi="0" ci="11" mb="0" cb="0"/><line nr="139" mi="0" ci="1" mb="0" cb="0"/><line nr="143" mi="0" ci="3" mb="0" cb="0"/><line nr="144" mi="0" ci="3" mb="0" cb="0"/><line nr="145" mi="0" ci="5" mb="0" cb="0"/><line nr="146" mi="0" ci="3" mb="0" cb="0"/><line nr="147" mi="0" ci="3" mb="0" cb="0"/><line nr="150" mi="0" ci="6" mb="0" cb="0"/><line nr="151" mi="0" ci="13" mb="0" cb="0"/><line nr="152" mi="0" ci="1" mb="0" cb="0"/><line nr="153" mi="0" ci="1" mb="0" cb="0"/><line nr="157" mi="0" ci="3" mb="1" cb="1"/><line nr="159" mi="0" ci="3" mb="0" cb="0"/><line nr="161" mi="0" ci="1" mb="0" cb="0"/><line nr="169" mi="0" ci="3" mb="0" cb="0"/><line nr="170" mi="0" ci="8" mb="0" cb="0"/><line nr="171" mi="0" ci="6" mb="0" cb="2"/><line nr="174" mi="0" ci="4" mb="0" cb="2"/><line nr="175" mi="0" ci="2" mb="0" cb="0"/><line nr="177" mi="0" ci="4" mb="0" cb="0"/><line nr="178" mi="0" ci="2" mb="0" cb="0"/><line nr="180" mi="0" ci="1" mb="0" cb="0"/><line nr="190" mi="0" ci="3" mb="0" cb="2"/><line nr="191" mi="0" ci="2" mb="0" cb="0"/><line nr="194" mi="0" ci="4" mb="0" cb="2"/><line nr="195" mi="0" ci="4" mb="0" cb="0"/><line nr="198" mi="0" ci="4" mb="0" cb="0"/><line nr="199" mi="0" ci="4" mb="0" cb="0"/><line nr="200" mi="0" ci="3" mb="0" cb="0"/><line nr="201" mi="0" ci="3" mb="0" cb="0"/><line nr="203" mi="0" ci="4" mb="0" cb="2"/><line nr="204" mi="0" ci="4" mb="0" cb="2"/><line nr="206" mi="0" ci="2" mb="0" cb="0"/><line nr="207" mi="0" ci="4" mb="0" cb="2"/><line nr="209" mi="0" ci="5" mb="0" cb="0"/><line nr="213" mi="0" ci="2" mb="0" cb="0"/><line nr="215" mi="0" ci="4" mb="0" cb="2"/><line nr="216" mi="0" ci="4" mb="0" cb="2"/><line nr="218" mi="0" ci="2" mb="0" cb="0"/><line nr="219" mi="0" ci="4" mb="0" cb="2"/><line nr="221" mi="0" ci="5" mb="0" cb="0"/><line nr="225" mi="0" ci="5" mb="0" cb="0"/><line nr="229" mi="0" ci="4" mb="0" cb="2"/><line nr="231" mi="0" ci="2" mb="0" cb="0"/><line nr="232" mi="0" ci="4" mb="0" cb="2"/><line nr="234" mi="0" ci="5" mb="0" cb="0"/><line nr="239" mi="0" ci="5" mb="0" cb="0"/><line nr="249" mi="0" ci="6" mb="0" cb="0"/><line nr="260" mi="0" ci="5" mb="0" cb="0"/><line nr="261" mi="0" ci="4" mb="0" cb="0"/><line nr="263" mi="0" ci="6" mb="0" cb="0"/><line nr="265" mi="0" ci="6" mb="1" cb="1"/><line nr="266" mi="3" ci="0" mb="0" cb="0"/><line nr="268" mi="0" ci="7" mb="0" cb="0"/><line nr="269" mi="0" ci="3" mb="0" cb="0"/><line nr="270" mi="0" ci="2" mb="0" cb="2"/><line nr="273" mi="0" ci="3" mb="0" cb="0"/><line nr="275" mi="0" ci="7" mb="0" cb="0"/><line nr="276" mi="5" ci="3" mb="0" cb="0"/><line nr="278" mi="0" ci="7" mb="0" cb="0"/><line nr="280" mi="0" ci="8" mb="0" cb="0"/><line nr="283" mi="0" ci="3" mb="0" cb="0"/><line nr="284" mi="0" ci="6" mb="0" cb="0"/><line nr="285" mi="3" ci="29" mb="1" cb="2"/><line nr="288" mi="0" ci="3" mb="0" cb="0"/><line nr="289" mi="0" ci="5" mb="0" cb="0"/><line nr="290" mi="0" ci="1" mb="0" cb="0"/><line nr="294" mi="0" ci="1" mb="0" cb="0"/><line nr="296" mi="7" ci="0" mb="0" cb="0"/><line nr="297" mi="3" ci="0" mb="0" cb="0"/><line nr="298" mi="5" ci="0" mb="0" cb="0"/><line nr="301" mi="0" ci="6" mb="0" cb="0"/><line nr="302" mi="0" ci="1" mb="0" cb="0"/><line nr="305" mi="0" ci="1" mb="0" cb="0"/><line nr="306" mi="0" ci="2" mb="0" cb="0"/><line nr="307" mi="0" ci="6" mb="0" cb="0"/><line nr="308" mi="0" ci="2" mb="0" cb="0"/><line nr="309" mi="0" ci="1" mb="0" cb="0"/><line nr="310" mi="0" ci="3" mb="0" cb="0"/><line nr="311" mi="0" ci="3" mb="0" cb="0"/><line nr="312" mi="0" ci="5" mb="0" cb="0"/><line nr="313" mi="0" ci="6" mb="0" cb="0"/><line nr="314" mi="0" ci="1" mb="0" cb="0"/><line nr="315" mi="0" ci="6" mb="0" cb="0"/><line nr="316" mi="0" ci="5" mb="0" cb="0"/><line nr="317" mi="0" ci="1" mb="0" cb="0"/><line nr="318" mi="0" ci="1" mb="0" cb="0"/><line nr="324" mi="5" ci="21" mb="0" cb="0"/><line nr="325" mi="0" ci="6" mb="0" cb="0"/><line nr="326" mi="0" ci="6" mb="0" cb="0"/><line nr="342" mi="0" ci="5" mb="0" cb="0"/><line nr="343" mi="0" ci="3" mb="0" cb="0"/><line nr="344" mi="0" ci="3" mb="0" cb="0"/><line nr="345" mi="0" ci="1" mb="0" cb="0"/><line nr="355" mi="0" ci="3" mb="0" cb="0"/><line nr="356" mi="0" ci="3" mb="0" cb="0"/><line nr="358" mi="0" ci="1" mb="0" cb="0"/><line nr="362" mi="3" ci="29" mb="1" cb="3"/><line nr="364" mi="0" ci="2" mb="0" cb="0"/><line nr="365" mi="0" ci="1" mb="0" cb="0"/><line nr="367" mi="0" ci="2" mb="0" cb="0"/><line nr="368" mi="0" ci="1" mb="0" cb="0"/><line nr="370" mi="0" ci="2" mb="0" cb="0"/><line nr="371" mi="0" ci="1" mb="0" cb="0"/><line nr="373" mi="8" ci="0" mb="0" cb="0"/><line nr="378" mi="0" ci="3" mb="0" cb="2"/><line nr="379" mi="0" ci="6" mb="0" cb="0"/><line nr="381" mi="0" ci="5" mb="0" cb="0"/><line nr="383" mi="0" ci="1" mb="0" cb="0"/><line nr="392" mi="0" ci="2" mb="0" cb="0"/><line nr="393" mi="0" ci="2" mb="0" cb="0"/><line nr="394" mi="0" ci="4" mb="0" cb="0"/><line nr="395" mi="0" ci="3" mb="0" cb="0"/><line nr="398" mi="0" ci="3" mb="0" cb="0"/><line nr="399" mi="0" ci="4" mb="0" cb="0"/><line nr="400" mi="0" ci="4" mb="0" cb="0"/><line nr="401" mi="0" ci="6" mb="0" cb="0"/><line nr="402" mi="0" ci="5" mb="0" cb="2"/><line nr="406" mi="0" ci="2" mb="0" cb="0"/><line nr="407" mi="0" ci="2" mb="0" cb="0"/><line nr="408" mi="0" ci="1" mb="0" cb="0"/><line nr="412" mi="0" ci="3" mb="0" cb="0"/><line nr="413" mi="0" ci="4" mb="0" cb="0"/><line nr="414" mi="0" ci="4" mb="0" cb="0"/><line nr="415" mi="0" ci="4" mb="0" cb="0"/><line nr="416" mi="0" ci="4" mb="0" cb="0"/><line nr="420" mi="0" ci="5" mb="0" cb="0"/><line nr="421" mi="0" ci="4" mb="1" cb="1"/><line nr="422" mi="0" ci="4" mb="0" cb="0"/><line nr="424" mi="0" ci="1" mb="0" cb="0"/><line nr="427" mi="0" ci="5" mb="0" cb="0"/><line nr="428" mi="4" ci="0" mb="2" cb="0"/><line nr="429" mi="4" ci="0" mb="0" cb="0"/><line nr="431" mi="1" ci="0" mb="0" cb="0"/><line nr="432" mi="0" ci="4" mb="0" cb="0"/><line nr="433" mi="0" ci="4" mb="0" cb="0"/><line nr="434" mi="0" ci="1" mb="0" cb="0"/><line nr="437" mi="0" ci="4" mb="0" cb="0"/><line nr="438" mi="0" ci="3" mb="0" cb="0"/><line nr="439" mi="0" ci="5" mb="0" cb="0"/><line nr="440" mi="0" ci="2" mb="0" cb="0"/><line nr="441" mi="0" ci="1" mb="0" cb="0"/><line nr="442" mi="0" ci="3" mb="0" cb="0"/><line nr="446" mi="0" ci="7" mb="0" cb="0"/><line nr="447" mi="0" ci="3" mb="0" cb="0"/><line nr="448" mi="0" ci="7" mb="0" cb="0"/><line nr="449" mi="0" ci="3" mb="0" cb="0"/><line nr="459" mi="0" ci="3" mb="0" cb="0"/><line nr="460" mi="0" ci="5" mb="0" cb="0"/><line nr="463" mi="2" ci="21" mb="1" cb="2"/><line nr="465" mi="0" ci="7" mb="0" cb="0"/><line nr="467" mi="0" ci="5" mb="0" cb="0"/><line nr="468" mi="0" ci="9" mb="0" cb="0"/><line nr="469" mi="0" ci="1" mb="0" cb="0"/><line nr="471" mi="0" ci="7" mb="0" cb="0"/><line nr="473" mi="0" ci="5" mb="0" cb="0"/><line nr="474" mi="0" ci="9" mb="0" cb="0"/><line nr="475" mi="0" ci="1" mb="0" cb="0"/><line nr="477" mi="8" ci="0" mb="0" cb="0"/><line nr="479" mi="1" ci="0" mb="0" cb="0"/><line nr="484" mi="0" ci="2" mb="0" cb="0"/><line nr="485" mi="0" ci="1" mb="0" cb="0"/><line nr="486" mi="0" ci="3" mb="0" cb="0"/><line nr="488" mi="8" ci="10" mb="0" cb="0"/><line nr="489" mi="0" ci="2" mb="0" cb="0"/><line nr="490" mi="0" ci="1" mb="0" cb="0"/><line nr="500" mi="0" ci="5" mb="0" cb="2"/><line nr="501" mi="0" ci="2" mb="0" cb="0"/><line nr="503" mi="0" ci="10" mb="0" cb="2"/><line nr="504" mi="0" ci="4" mb="0" cb="0"/><line nr="505" mi="0" ci="6" mb="1" cb="1"/><line nr="506" mi="2" ci="0" mb="0" cb="0"/><line nr="508" mi="0" ci="1" mb="0" cb="0"/><line nr="509" mi="0" ci="2" mb="0" cb="0"/><line nr="519" mi="0" ci="4" mb="0" cb="0"/><line nr="520" mi="0" ci="3" mb="0" cb="0"/><line nr="521" mi="0" ci="8" mb="0" cb="0"/><line nr="522" mi="0" ci="7" mb="0" cb="0"/><line nr="523" mi="0" ci="3" mb="0" cb="0"/><line nr="532" mi="0" ci="4" mb="0" cb="0"/><line nr="533" mi="0" ci="6" mb="0" cb="0"/><line nr="534" mi="0" ci="8" mb="0" cb="0"/><line nr="536" mi="0" ci="6" mb="0" cb="0"/><line nr="537" mi="0" ci="3" mb="0" cb="0"/><line nr="544" mi="0" ci="3" mb="0" cb="0"/><line nr="545" mi="0" ci="4" mb="0" cb="0"/><line nr="546" mi="0" ci="9" mb="0" cb="0"/><line nr="547" mi="0" ci="1" mb="0" cb="0"/><line nr="553" mi="0" ci="3" mb="0" cb="0"/><line nr="554" mi="0" ci="4" mb="0" cb="0"/><line nr="555" mi="0" ci="1" mb="0" cb="0"/><line nr="574" mi="0" ci="5" mb="0" cb="0"/><line nr="575" mi="0" ci="5" mb="0" cb="0"/><line nr="576" mi="0" ci="4" mb="0" cb="0"/><line nr="577" mi="0" ci="3" mb="0" cb="0"/><line nr="578" mi="0" ci="1" mb="0" cb="0"/><line nr="582" mi="0" ci="4" mb="0" cb="0"/><line nr="583" mi="0" ci="3" mb="0" cb="0"/><line nr="584" mi="0" ci="5" mb="1" cb="1"/><line nr="586" mi="1" ci="0" mb="0" cb="0"/><line nr="589" mi="0" ci="5" mb="1" cb="1"/><line nr="590" mi="0" ci="3" mb="0" cb="2"/><line nr="591" mi="0" ci="9" mb="0" cb="0"/><line nr="592" mi="0" ci="1" mb="0" cb="0"/><line nr="595" mi="0" ci="5" mb="1" cb="1"/><line nr="596" mi="0" ci="5" mb="0" cb="0"/><line nr="598" mi="0" ci="4" mb="0" cb="2"/><line nr="599" mi="0" ci="5" mb="0" cb="0"/><line nr="601" mi="0" ci="1" mb="0" cb="0"/><line nr="608" mi="0" ci="4" mb="0" cb="2"/><line nr="609" mi="0" ci="1" mb="0" cb="0"/><line nr="612" mi="6" ci="0" mb="0" cb="0"/><line nr="613" mi="0" ci="1" mb="0" cb="0"/><line nr="616" mi="0" ci="8" mb="0" cb="0"/><line nr="617" mi="0" ci="9" mb="0" cb="0"/><line nr="618" mi="1" ci="0" mb="0" cb="0"/><line nr="619" mi="1" ci="0" mb="0" cb="0"/><line nr="627" mi="0" ci="6" mb="0" cb="0"/><line nr="632" mi="2" ci="23" mb="1" cb="1"/><line nr="635" mi="0" ci="11" mb="0" cb="0"/><line nr="636" mi="0" ci="4" mb="0" cb="2"/><line nr="637" mi="0" ci="9" mb="0" cb="0"/><line nr="643" mi="0" ci="1" mb="0" cb="0"/><line nr="647" mi="0" ci="10" mb="0" cb="0"/><counter type="INSTRUCTION" missed="155" covered="989"/><counter type="BRANCH" missed="25" covered="57"/><counter type="LINE" missed="15" covered="222"/><counter type="COMPLEXITY" missed="32" covered="66"/><counter type="METHOD" missed="14" covered="41"/><counter type="CLASS" missed="0" covered="7"/></sourcefile><sourcefile name="VplsNeighbourHandler.java"><line nr="56" mi="0" ci="2" mb="0" cb="0"/><line nr="77" mi="0" ci="7" mb="0" cb="0"/><line nr="80" mi="0" ci="7" mb="0" cb="0"/><line nr="83" mi="0" ci="7" mb="0" cb="0"/><line nr="86" mi="0" ci="6" mb="0" cb="0"/><line nr="93" mi="0" ci="6" mb="0" cb="0"/><line nr="94" mi="0" ci="5" mb="0" cb="0"/><line nr="95" mi="0" ci="5" mb="0" cb="0"/><line nr="96" mi="0" ci="2" mb="0" cb="0"/><line nr="97" mi="0" ci="1" mb="0" cb="0"/><line nr="101" mi="0" ci="5" mb="0" cb="0"/><line nr="102" mi="0" ci="5" mb="0" cb="0"/><line nr="103" mi="0" ci="5" mb="0" cb="0"/><line nr="104" mi="0" ci="1" mb="0" cb="0"/><line nr="110" mi="0" ci="5" mb="0" cb="0"/><line nr="111" mi="0" ci="2" mb="0" cb="0"/><line nr="112" mi="0" ci="3" mb="0" cb="0"/><line nr="113" mi="0" ci="10" mb="0" cb="0"/><line nr="116" mi="0" ci="1" mb="0" cb="0"/><line nr="121" mi="0" ci="6" mb="0" cb="0"/><line nr="126" mi="2" ci="23" mb="1" cb="2"/><line nr="128" mi="0" ci="4" mb="0" cb="0"/><line nr="129" mi="0" ci="1" mb="0" cb="0"/><line nr="131" mi="0" ci="5" mb="0" cb="0"/><line nr="132" mi="0" ci="1" mb="0" cb="0"/><line nr="134" mi="7" ci="0" mb="0" cb="0"/><line nr="137" mi="0" ci="1" mb="0" cb="0"/><line nr="147" mi="0" ci="4" mb="0" cb="0"/><line nr="148" mi="0" ci="2" mb="0" cb="2"/><line nr="149" mi="0" ci="5" mb="0" cb="0"/><line nr="150" mi="0" ci="16" mb="0" cb="2"/><line nr="151" mi="0" ci="2" mb="0" cb="0"/><line nr="153" mi="0" ci="8" mb="0" cb="0"/><line nr="154" mi="0" ci="2" mb="0" cb="0"/><line nr="156" mi="0" ci="1" mb="0" cb="0"/><line nr="167" mi="0" ci="4" mb="0" cb="0"/><line nr="168" mi="0" ci="2" mb="0" cb="2"/><line nr="169" mi="0" ci="3" mb="0" cb="0"/><line nr="170" mi="0" ci="4" mb="0" cb="0"/><line nr="171" mi="0" ci="5" mb="0" cb="0"/><line nr="172" mi="0" ci="8" mb="0" cb="0"/><line nr="173" mi="0" ci="4" mb="0" cb="0"/><line nr="176" mi="0" ci="4" mb="0" cb="0"/><line nr="177" mi="0" ci="2" mb="0" cb="0"/><line nr="178" mi="0" ci="6" mb="0" cb="0"/><line nr="179" mi="0" ci="1" mb="0" cb="0"/><line nr="180" mi="0" ci="1" mb="0" cb="0"/><line nr="183" mi="0" ci="8" mb="0" cb="0"/><line nr="184" mi="0" ci="2" mb="0" cb="0"/><line nr="186" mi="0" ci="1" mb="0" cb="0"/><line nr="195" mi="0" ci="4" mb="0" cb="0"/><line nr="196" mi="0" ci="10" mb="0" cb="2"/><line nr="197" mi="0" ci="3" mb="0" cb="0"/><line nr="198" mi="0" ci="3" mb="0" cb="0"/><line nr="199" mi="0" ci="3" mb="0" cb="0"/><line nr="200" mi="0" ci="5" mb="0" cb="0"/><line nr="201" mi="0" ci="9" mb="0" cb="2"/><line nr="202" mi="0" ci="7" mb="0" cb="2"/><line nr="203" mi="0" ci="2" mb="0" cb="2"/><line nr="204" mi="0" ci="2" mb="0" cb="0"/><line nr="206" mi="0" ci="1" mb="0" cb="0"/><line nr="207" mi="0" ci="2" mb="0" cb="0"/><line nr="217" mi="0" ci="4" mb="0" cb="0"/><line nr="218" mi="0" ci="5" mb="0" cb="0"/><line nr="219" mi="0" ci="9" mb="0" cb="2"/><line nr="220" mi="0" ci="8" mb="0" cb="2"/><line nr="221" mi="0" ci="2" mb="0" cb="0"/><line nr="222" mi="0" ci="2" mb="0" cb="0"/><line nr="228" mi="0" ci="6" mb="0" cb="0"/><line nr="232" mi="3" ci="0" mb="0" cb="0"/><line nr="233" mi="1" ci="0" mb="0" cb="0"/><line nr="239" mi="0" ci="6" mb="0" cb="0"/><line nr="243" mi="3" ci="0" mb="0" cb="0"/><line nr="244" mi="1" ci="0" mb="0" cb="0"/><counter type="INSTRUCTION" missed="77" covered="314"/><counter type="BRANCH" missed="11" covered="20"/><counter type="LINE" missed="5" covered="69"/><counter type="COMPLEXITY" missed="18" covered="28"/><counter type="METHOD" missed="12" covered="18"/><counter type="CLASS" missed="0" covered="5"/></sourcefile><counter type="INSTRUCTION" missed="302" covered="1647"/><counter type="BRANCH" missed="53" covered="92"/><counter type="LINE" missed="27" covered="385"/><counter type="COMPLEXITY" missed="72" covered="119"/><counter type="METHOD" missed="35" covered="80"/><counter type="CLASS" missed="0" covered="16"/></package><package name="org/onosproject/vpls/cli"><class name="org/onosproject/vpls/cli/VplsCommandEnum"><method name="values" desc="()[Lorg/onosproject/vpls/cli/VplsCommandEnum;" line="26"><counter type="INSTRUCTION" missed="0" covered="4"/><counter type="LINE" missed="0" covered="1"/><counter type="COMPLEXITY" missed="0" covered="1"/><counter type="METHOD" missed="0" covered="1"/></method><method name="valueOf" desc="(Ljava/lang/String;)Lorg/onosproject/vpls/cli/VplsCommandEnum;" line="26"><counter type="INSTRUCTION" missed="5" covered="0"/><counter type="LINE" missed="1" covered="0"/><counter type="COMPLEXITY" missed="1" covered="0"/><counter type="METHOD" missed="1" covered="0"/></method><method name="&lt;init&gt;" desc="(Ljava/lang/String;ILjava/lang/String;)V" line="43"><counter type="INSTRUCTION" missed="0" covered="8"/><counter type="LINE" missed="0" covered="3"/><counter type="COMPLEXITY" missed="0" covered="1"/><counter type="METHOD" missed="0" covered="1"/></method><method name="toString" desc="()Ljava/lang/String;" line="49"><counter type="INSTRUCTION" missed="0" covered="3"/><counter type="LINE" missed="0" covered="1"/><counter type="COMPLEXITY" missed="0" covered="1"/><counter type="METHOD" missed="0" covered="1"/></method><method name="toStringList" desc="()Ljava/util/List;" line="58"><counter type="INSTRUCTION" missed="0" covered="9"/><counter type="LINE" missed="0" covered="3"/><counter type="COMPLEXITY" missed="0" covered="1"/><counter type="METHOD" missed="0" covered="1"/></method><method name="enumFromString" desc="(Ljava/lang/String;)Lorg/onosproject/vpls/cli/VplsCommandEnum;" line="72"><counter type="INSTRUCTION" missed="0" covered="30"/><counter type="BRANCH" missed="2" covered="6"/><counter type="LINE" missed="0" covered="5"/><counter type="COMPLEXITY" missed="2" covered="3"/><counter type="METHOD" missed="0" covered="1"/></method><method name="&lt;clinit&gt;" desc="()V" line="26"><counter type="INSTRUCTION" missed="0" covered="92"/><counter type="LINE" missed="0" covered="9"/><counter type="COMPLEXITY" missed="0" covered="1"/><counter type="METHOD" missed="0" covered="1"/></method><counter type="INSTRUCTION" missed="5" covered="146"/><counter type="BRANCH" missed="2" covered="6"/><counter type="LINE" missed="0" covered="21"/><counter type="COMPLEXITY" missed="3" covered="8"/><counter type="METHOD" missed="1" covered="6"/><counter type="CLASS" missed="0" covered="1"/></class><class name="org/onosproject/vpls/cli/VplsCommand$1"><method name="&lt;clinit&gt;" desc="()V" line="132"><counter type="INSTRUCTION" missed="8" covered="53"/><counter type="LINE" missed="0" covered="1"/><counter type="COMPLEXITY" missed="0" covered="1"/><counter type="METHOD" missed="0" covered="1"/></method><counter type="INSTRUCTION" missed="8" covered="53"/><counter type="LINE" missed="0" covered="1"/><counter type="COMPLEXITY" missed="0" covered="1"/><counter type="METHOD" missed="0" covered="1"/><counter type="CLASS" missed="0" covered="1"/></class><class name="org/onosproject/vpls/cli/VplsCommand"><method name="&lt;init&gt;" desc="()V" line="44"><counter type="INSTRUCTION" missed="0" covered="12"/><counter type="LINE" missed="0" covered="4"/><counter type="COMPLEXITY" missed="0" covered="1"/><counter type="METHOD" missed="0" covered="1"/></method><method name="execute" desc="()V" line="123"><counter type="INSTRUCTION" missed="29" covered="58"/><counter type="BRANCH" missed="4" covered="11"/><counter type="LINE" missed="4" covered="22"/><counter type="COMPLEXITY" missed="4" covered="8"/><counter type="METHOD" missed="0" covered="1"/></method><method name="addIface" desc="(Ljava/lang/String;Ljava/lang/String;)V" line="172"><counter type="INSTRUCTION" missed="43" covered="46"/><counter type="BRANCH" missed="5" covered="7"/><counter type="LINE" missed="10" covered="13"/><counter type="COMPLEXITY" missed="5" covered="2"/><counter type="METHOD" missed="0" covered="1"/></method><method name="create" desc="(Ljava/lang/String;)V" line="211"><counter type="INSTRUCTION" missed="16" covered="17"/><counter type="BRANCH" missed="3" covered="3"/><counter type="LINE" missed="4" covered="5"/><counter type="COMPLEXITY" missed="3" covered="1"/><counter type="METHOD" missed="0" covered="1"/></method><method name="delete" desc="(Ljava/lang/String;)V" line="229"><counter type="INSTRUCTION" missed="27" covered="18"/><counter type="BRANCH" missed="3" covered="3"/><counter type="LINE" missed="6" covered="6"/><counter type="COMPLEXITY" missed="3" covered="1"/><counter type="METHOD" missed="0" covered="1"/></method><method name="list" desc="()V" line="250"><counter type="INSTRUCTION" missed="0" covered="16"/><counter type="LINE" missed="0" covered="6"/><counter type="COMPLEXITY" missed="0" covered="1"/><counter type="METHOD" missed="0" covered="1"/></method><method name="removeIface" desc="(Ljava/lang/String;Ljava/lang/String;)V" line="267"><counter type="INSTRUCTION" missed="57" covered="32"/><counter type="BRANCH" missed="6" covered="6"/><counter type="LINE" missed="12" covered="10"/><counter type="COMPLEXITY" missed="6" covered="1"/><counter type="METHOD" missed="0" covered="1"/></method><method name="setEncap" desc="(Ljava/lang/String;Ljava/lang/String;)V" line="304"><counter type="INSTRUCTION" missed="32" covered="27"/><counter type="BRANCH" missed="4" covered="6"/><counter type="LINE" missed="8" covered="9"/><counter type="COMPLEXITY" missed="4" covered="2"/><counter type="METHOD" missed="0" covered="1"/></method><method name="show" desc="(Ljava/lang/String;)V" line="332"><counter type="INSTRUCTION" missed="9" covered="57"/><counter type="BRANCH" missed="1" covered="3"/><counter type="LINE" missed="1" covered="15"/><counter type="COMPLEXITY" missed="1" covered="2"/><counter type="METHOD" missed="0" covered="1"/></method><method name="cleanVpls" desc="()V" line="369"><counter type="INSTRUCTION" missed="0" covered="3"/><counter type="LINE" missed="0" covered="2"/><counter type="COMPLEXITY" missed="0" covered="1"/><counter type="METHOD" missed="0" covered="1"/></method><method name="isIfaceAssociated" desc="(Lorg/onosproject/incubator/net/intf/Interface;)Z" line="381"><counter type="INSTRUCTION" missed="0" covered="14"/><counter type="LINE" missed="0" covered="5"/><counter type="COMPLEXITY" missed="0" covered="1"/><counter type="METHOD" missed="0" covered="1"/></method><method name="getInterface" desc="(Ljava/lang/String;)Lorg/onosproject/incubator/net/intf/Interface;" line="397"><counter type="INSTRUCTION" missed="0" covered="11"/><counter type="LINE" missed="0" covered="4"/><counter type="COMPLEXITY" missed="0" covered="1"/><counter type="METHOD" missed="0" covered="1"/></method><method name="getVplsByInterface" desc="(Lorg/onosproject/incubator/net/intf/Interface;)Lorg/onosproject/vpls/api/VplsData;" line="410"><counter type="INSTRUCTION" missed="0" covered="11"/><counter type="LINE" missed="0" covered="4"/><counter type="COMPLEXITY" missed="0" covered="1"/><counter type="METHOD" missed="0" covered="1"/></method><method name="lambda$getVplsByInterface$3" desc="(Lorg/onosproject/incubator/net/intf/Interface;Lorg/onosproject/vpls/api/VplsData;)Z" line="411"><counter type="INSTRUCTION" missed="0" covered="5"/><counter type="LINE" missed="0" covered="1"/><counter type="COMPLEXITY" missed="0" covered="1"/><counter type="METHOD" missed="0" covered="1"/></method><method name="lambda$getInterface$2" desc="(Ljava/lang/String;Lorg/onosproject/incubator/net/intf/Interface;)Z" line="398"><counter type="INSTRUCTION" missed="0" covered="5"/><counter type="LINE" missed="0" covered="1"/><counter type="COMPLEXITY" missed="0" covered="1"/><counter type="METHOD" missed="0" covered="1"/></method><method name="lambda$show$1" desc="(Lorg/onosproject/vpls/api/VplsData;)V" line="352"><counter type="INSTRUCTION" missed="0" covered="40"/><counter type="LINE" missed="0" covered="9"/><counter type="COMPLEXITY" missed="0" covered="1"/><counter type="METHOD" missed="0" covered="1"/></method><method name="lambda$list$0" desc="(Ljava/lang/String;)V" line="256"><counter type="INSTRUCTION" missed="0" covered="6"/><counter type="LINE" missed="0" covered="2"/><counter type="COMPLEXITY" missed="0" covered="1"/><counter type="METHOD" missed="0" covered="1"/></method><method name="&lt;clinit&gt;" desc="()V" line="45"><counter type="INSTRUCTION" missed="0" covered="6"/><counter type="LINE" missed="0" covered="2"/><counter type="COMPLEXITY" missed="0" covered="1"/><counter type="METHOD" missed="0" covered="1"/></method><counter type="INSTRUCTION" missed="213" covered="384"/><counter type="BRANCH" missed="26" covered="39"/><counter type="LINE" missed="45" covered="118"/><counter type="COMPLEXITY" missed="26" covered="28"/><counter type="METHOD" missed="0" covered="18"/><counter type="CLASS" missed="0" covered="1"/></class><sourcefile name="VplsCommand.java"><line nr="44" mi="0" ci="2" mb="0" cb="0"/><line nr="45" mi="0" ci="4" mb="0" cb="0"/><line nr="46" mi="0" ci="2" mb="0" cb="0"/><line nr="107" mi="0" ci="3" mb="0" cb="0"/><line nr="112" mi="0" ci="3" mb="0" cb="0"/><line nr="116" mi="0" ci="4" mb="0" cb="0"/><line nr="123" mi="0" ci="2" mb="1" cb="1"/><line nr="124" mi="4" ci="0" mb="0" cb="0"/><line nr="126" mi="0" ci="2" mb="1" cb="1"/><line nr="127" mi="4" ci="0" mb="0" cb="0"/><line nr="130" mi="0" ci="4" mb="0" cb="0"/><line nr="131" mi="0" ci="2" mb="1" cb="1"/><line nr="132" mi="8" ci="58" mb="1" cb="8"/><line nr="134" mi="0" ci="6" mb="0" cb="0"/><line nr="135" mi="0" ci="1" mb="0" cb="0"/><line nr="137" mi="0" ci="4" mb="0" cb="0"/><line nr="138" mi="0" ci="1" mb="0" cb="0"/><line nr="140" mi="0" ci="4" mb="0" cb="0"/><line nr="141" mi="0" ci="1" mb="0" cb="0"/><line nr="143" mi="0" ci="2" mb="0" cb="0"/><line nr="144" mi="0" ci="1" mb="0" cb="0"/><line nr="146" mi="0" ci="6" mb="0" cb="0"/><line nr="147" mi="0" ci="1" mb="0" cb="0"/><line nr="149" mi="0" ci="6" mb="0" cb="0"/><line nr="150" mi="0" ci="1" mb="0" cb="0"/><line nr="152" mi="0" ci="4" mb="0" cb="0"/><line nr="153" mi="0" ci="1" mb="0" cb="0"/><line nr="155" mi="0" ci="2" mb="0" cb="0"/><line nr="156" mi="0" ci="1" mb="0" cb="0"/><line nr="158" mi="11" ci="0" mb="0" cb="0"/><line nr="161" mi="10" ci="0" mb="0" cb="0"/><line nr="163" mi="0" ci="1" mb="0" cb="0"/><line nr="172" mi="0" ci="2" mb="1" cb="1"/><line nr="173" mi="5" ci="0" mb="0" cb="0"/><line nr="174" mi="1" ci="0" mb="0" cb="0"/><line nr="176" mi="0" ci="2" mb="1" cb="1"/><line nr="177" mi="5" ci="0" mb="0" cb="0"/><line nr="178" mi="1" ci="0" mb="0" cb="0"/><line nr="181" mi="0" ci="4" mb="0" cb="0"/><line nr="182" mi="0" ci="4" mb="0" cb="0"/><line nr="184" mi="0" ci="2" mb="1" cb="1"/><line nr="185" mi="9" ci="0" mb="0" cb="0"/><line nr="186" mi="1" ci="0" mb="0" cb="0"/><line nr="188" mi="0" ci="5" mb="1" cb="1"/><line nr="190" mi="10" ci="0" mb="0" cb="0"/><line nr="191" mi="1" ci="0" mb="0" cb="0"/><line nr="193" mi="0" ci="2" mb="1" cb="1"/><line nr="194" mi="9" ci="0" mb="0" cb="0"/><line nr="195" mi="1" ci="0" mb="0" cb="0"/><line nr="197" mi="0" ci="3" mb="0" cb="2"/><line nr="198" mi="0" ci="13" mb="0" cb="0"/><line nr="199" mi="0" ci="3" mb="0" cb="0"/><line nr="200" mi="0" ci="1" mb="0" cb="0"/><line nr="202" mi="0" ci="4" mb="0" cb="0"/><line nr="203" mi="0" ci="1" mb="0" cb="0"/><line nr="211" mi="0" ci="5" mb="2" cb="2"/><line nr="212" mi="5" ci="0" mb="0" cb="0"/><line nr="213" mi="1" ci="0" mb="0" cb="0"/><line nr="215" mi="0" ci="4" mb="0" cb="0"/><line nr="216" mi="0" ci="2" mb="1" cb="1"/><line nr="217" mi="9" ci="0" mb="0" cb="0"/><line nr="218" mi="1" ci="0" mb="0" cb="0"/><line nr="220" mi="0" ci="5" mb="0" cb="0"/><line nr="221" mi="0" ci="1" mb="0" cb="0"/><line nr="229" mi="0" ci="2" mb="1" cb="1"/><line nr="230" mi="5" ci="0" mb="0" cb="0"/><line nr="231" mi="1" ci="0" mb="0" cb="0"/><line nr="233" mi="0" ci="4" mb="0" cb="0"/><line nr="234" mi="0" ci="2" mb="1" cb="1"/><line nr="235" mi="9" ci="0" mb="0" cb="0"/><line nr="236" mi="1" ci="0" mb="0" cb="0"/><line nr="238" mi="0" ci="5" mb="1" cb="1"/><line nr="240" mi="10" ci="0" mb="0" cb="0"/><line nr="241" mi="1" ci="0" mb="0" cb="0"/><line nr="243" mi="0" ci="4" mb="0" cb="0"/><line nr="244" mi="0" ci="1" mb="0" cb="0"/><line nr="250" mi="0" ci="4" mb="0" cb="0"/><line nr="251" mi="0" ci="1" mb="0" cb="0"/><line nr="252" mi="0" ci="4" mb="0" cb="0"/><line nr="253" mi="0" ci="2" mb="0" cb="0"/><line nr="255" mi="0" ci="4" mb="0" cb="0"/><line nr="256" mi="0" ci="5" mb="0" cb="0"/><line nr="257" mi="0" ci="1" mb="0" cb="0"/><line nr="258" mi="0" ci="1" mb="0" cb="0"/><line nr="267" mi="0" ci="2" mb="1" cb="1"/><line nr="268" mi="5" ci="0" mb="0" cb="0"/><line nr="269" mi="1" ci="0" mb="0" cb="0"/><line nr="271" mi="0" ci="2" mb="1" cb="1"/><line nr="272" mi="5" ci="0" mb="0" cb="0"/><line nr="273" mi="1" ci="0" mb="0" cb="0"/><line nr="275" mi="0" ci="4" mb="0" cb="0"/><line nr="276" mi="0" ci="4" mb="0" cb="0"/><line nr="277" mi="0" ci="2" mb="1" cb="1"/><line nr="278" mi="9" ci="0" mb="0" cb="0"/><line nr="279" mi="1" ci="0" mb="0" cb="0"/><line nr="281" mi="0" ci="5" mb="1" cb="1"/><line nr="283" mi="10" ci="0" mb="0" cb="0"/><line nr="284" mi="1" ci="0" mb="0" cb="0"/><line nr="286" mi="0" ci="2" mb="1" cb="1"/><line nr="287" mi="9" ci="0" mb="0" cb="0"/><line nr="288" mi="1" ci="0" mb="0" cb="0"/><line nr="290" mi="0" ci="5" mb="1" cb="1"/><line nr="291" mi="13" ci="0" mb="0" cb="0"/><line nr="292" mi="1" ci="0" mb="0" cb="0"/><line nr="294" mi="0" ci="5" mb="0" cb="0"/><line nr="295" mi="0" ci="1" mb="0" cb="0"/><line nr="304" mi="0" ci="2" mb="1" cb="1"/><line nr="305" mi="5" ci="0" mb="0" cb="0"/><line nr="306" mi="1" ci="0" mb="0" cb="0"/><line nr="308" mi="0" ci="2" mb="1" cb="1"/><line nr="309" mi="5" ci="0" mb="0" cb="0"/><line nr="310" mi="1" ci="0" mb="0" cb="0"/><line nr="312" mi="0" ci="4" mb="0" cb="0"/><line nr="313" mi="0" ci="2" mb="1" cb="1"/><line nr="314" mi="9" ci="0" mb="0" cb="0"/><line nr="315" mi="1" ci="0" mb="0" cb="0"/><line nr="317" mi="0" ci="3" mb="0" cb="0"/><line nr="318" mi="0" ci="5" mb="0" cb="2"/><line nr="319" mi="0" ci="4" mb="1" cb="1"/><line nr="320" mi="9" ci="0" mb="0" cb="0"/><line nr="321" mi="1" ci="0" mb="0" cb="0"/><line nr="323" mi="0" ci="4" mb="0" cb="0"/><line nr="324" mi="0" ci="1" mb="0" cb="0"/><line nr="332" mi="0" ci="3" mb="0" cb="2"/><line nr="334" mi="0" ci="4" mb="0" cb="0"/><line nr="335" mi="0" ci="2" mb="1" cb="1"/><line nr="336" mi="0" ci="4" mb="0" cb="0"/><line nr="337" mi="0" ci="1" mb="0" cb="0"/><line nr="338" mi="0" ci="4" mb="0" cb="0"/><line nr="339" mi="0" ci="16" mb="0" cb="0"/><line nr="342" mi="0" ci="6" mb="0" cb="0"/><line nr="343" mi="0" ci="2" mb="0" cb="0"/><line nr="344" mi="0" ci="1" mb="0" cb="0"/><line nr="345" mi="9" ci="0" mb="0" cb="0"/><line nr="347" mi="0" ci="1" mb="0" cb="0"/><line nr="348" mi="0" ci="3" mb="0" cb="0"/><line nr="350" mi="0" ci="5" mb="0" cb="0"/><line nr="351" mi="0" ci="4" mb="0" cb="0"/><line nr="352" mi="0" ci="4" mb="0" cb="0"/><line nr="353" mi="0" ci="1" mb="0" cb="0"/><line nr="354" mi="0" ci="4" mb="0" cb="0"/><line nr="355" mi="0" ci="8" mb="0" cb="0"/><line nr="356" mi="0" ci="9" mb="0" cb="0"/><line nr="358" mi="0" ci="6" mb="0" cb="0"/><line nr="359" mi="0" ci="2" mb="0" cb="0"/><line nr="360" mi="0" ci="5" mb="0" cb="0"/><line nr="361" mi="0" ci="1" mb="0" cb="0"/><line nr="363" mi="0" ci="1" mb="0" cb="0"/><line nr="369" mi="0" ci="2" mb="0" cb="0"/><line nr="370" mi="0" ci="1" mb="0" cb="0"/><line nr="381" mi="0" ci="3" mb="0" cb="0"/><line nr="382" mi="0" ci="2" mb="0" cb="0"/><line nr="383" mi="0" ci="2" mb="0" cb="0"/><line nr="384" mi="0" ci="6" mb="0" cb="0"/><line nr="385" mi="0" ci="1" mb="0" cb="0"/><line nr="397" mi="0" ci="6" mb="0" cb="0"/><line nr="398" mi="0" ci="6" mb="0" cb="0"/><line nr="399" mi="0" ci="2" mb="0" cb="0"/><line nr="400" mi="0" ci="2" mb="0" cb="0"/><line nr="410" mi="0" ci="6" mb="0" cb="0"/><line nr="411" mi="0" ci="6" mb="0" cb="0"/><line nr="412" mi="0" ci="2" mb="0" cb="0"/><line nr="413" mi="0" ci="2" mb="0" cb="0"/><counter type="INSTRUCTION" missed="221" covered="437"/><counter type="BRANCH" missed="26" covered="39"/><counter type="LINE" missed="45" covered="118"/><counter type="COMPLEXITY" missed="26" covered="29"/><counter type="METHOD" missed="0" covered="19"/><counter type="CLASS" missed="0" covered="2"/></sourcefile><sourcefile name="VplsCommandEnum.java"><line nr="26" mi="5" ci="40" mb="0" cb="0"/><line nr="27" mi="0" ci="7" mb="0" cb="0"/><line nr="28" mi="0" ci="7" mb="0" cb="0"/><line nr="29" mi="0" ci="7" mb="0" cb="0"/><line nr="30" mi="0" ci="7" mb="0" cb="0"/><line nr="31" mi="0" ci="7" mb="0" cb="0"/><line nr="32" mi="0" ci="7" mb="0" cb="0"/><line nr="33" mi="0" ci="7" mb="0" cb="0"/><line nr="34" mi="0" ci="7" mb="0" cb="0"/><line nr="43" mi="0" ci="4" mb="0" cb="0"/><line nr="44" mi="0" ci="3" mb="0" cb="0"/><line nr="45" mi="0" ci="1" mb="0" cb="0"/><line nr="49" mi="0" ci="3" mb="0" cb="0"/><line nr="58" mi="0" ci="4" mb="0" cb="0"/><line nr="59" mi="0" ci="2" mb="0" cb="0"/><line nr="60" mi="0" ci="3" mb="0" cb="0"/><line nr="72" mi="0" ci="5" mb="1" cb="3"/><line nr="73" mi="0" ci="16" mb="1" cb="1"/><line nr="74" mi="0" ci="5" mb="0" cb="2"/><line nr="75" mi="0" ci="2" mb="0" cb="0"/><line nr="79" mi="0" ci="2" mb="0" cb="0"/><counter type="INSTRUCTION" missed="5" covered="146"/><counter type="BRANCH" missed="2" covered="6"/><counter type="LINE" missed="0" covered="21"/><counter type="COMPLEXITY" missed="3" covered="8"/><counter type="METHOD" missed="1" covered="6"/><counter type="CLASS" missed="0" covered="1"/></sourcefile><counter type="INSTRUCTION" missed="226" covered="583"/><counter type="BRANCH" missed="28" covered="45"/><counter type="LINE" missed="45" covered="139"/><counter type="COMPLEXITY" missed="29" covered="37"/><counter type="METHOD" missed="1" covered="25"/><counter type="CLASS" missed="0" covered="3"/></package><package name="org/onosproject/vpls/api"><class name="org/onosproject/vpls/api/VplsData"><method name="&lt;init&gt;" desc="(Ljava/lang/String;Lorg/onosproject/net/EncapsulationType;)V" line="58"><counter type="INSTRUCTION" missed="0" covered="15"/><counter type="LINE" missed="0" covered="6"/><counter type="COMPLEXITY" missed="0" covered="1"/><counter type="METHOD" missed="0" covered="1"/></method><method name="of" desc="(Ljava/lang/String;)Lorg/onosproject/vpls/api/VplsData;" line="73"><counter type="INSTRUCTION" missed="0" covered="9"/><counter type="LINE" missed="0" covered="2"/><counter type="COMPLEXITY" missed="0" covered="1"/><counter type="METHOD" missed="0" covered="1"/></method><method name="of" desc="(Ljava/lang/String;Lorg/onosproject/net/EncapsulationType;)Lorg/onosproject/vpls/api/VplsData;" line="85"><counter type="INSTRUCTION" missed="6" covered="11"/><counter type="BRANCH" missed="1" covered="1"/><counter type="LINE" missed="1" covered="3"/><counter type="COMPLEXITY" missed="1" covered="1"/><counter type="METHOD" missed="0" covered="1"/></method><method name="of" desc="(Lorg/onosproject/vpls/api/VplsData;)Lorg/onosproject/vpls/api/VplsData;" line="100"><counter type="INSTRUCTION" missed="0" covered="21"/><counter type="LINE" missed="0" covered="5"/><counter type="COMPLEXITY" missed="0" covered="1"/><counter type="METHOD" missed="0" covered="1"/></method><method name="name" desc="()Ljava/lang/String;" line="113"><counter type="INSTRUCTION" missed="0" covered="3"/><counter type="LINE" missed="0" covered="1"/><counter type="COMPLEXITY" missed="0" covered="1"/><counter type="METHOD" missed="0" covered="1"/></method><method name="interfaces" desc="()Ljava/util/Set;" line="117"><counter type="INSTRUCTION" missed="0" covered="4"/><counter type="
[...]
"1" covered="0"/><counter type="CLASS" missed="1" covered="0"/></class><class name="org/onosproject/vpls/cli/completer/VplsNameCompleter"><method name="&lt;init&gt;" desc="()V" line="31"><counter type="INSTRUCTION" missed="0" covered="3"/><counter type="LINE" missed="0" covered="1"/><counter type="COMPLEXITY" missed="0" covered="1"/><counter type="METHOD" missed="0" covered="1"/></method><method name="choices" desc="()Ljava/util/List;" line="37"><counter type="INSTRUCTION" missed="4" covered="13"/><counter type="BRANCH" missed="1" covered="1"/><counter type="LINE" missed="1" covered="3"/><counter type="COMPLEXITY" missed="1" covered="1"/><counter type="METHOD" missed="0" covered="1"/></method><counter type="INSTRUCTION" missed="4" covered="16"/><counter type="BRANCH" missed="1" covered="1"/><counter type="LINE" missed="1" covered="4"/><counter type="COMPLEXITY" missed="1" covered="2"/><counter type="METHOD" missed="0" covered="2"/><counter type="CLASS" missed="0" covered="1"/></class><class name="org/onosproject/vpls/cli/completer/VplsOptArgCompleter"><method name="&lt;init&gt;" desc="()V" line="40"><counter type="INSTRUCTION" missed="0" covered="3"/><counter type="LINE" missed="0" covered="1"/><counter type="COMPLEXITY" missed="0" covered="1"/><counter type="METHOD" missed="0" covered="1"/></method><method name="choices" desc="()Ljava/util/List;" line="46"><counter type="INSTRUCTION" missed="10" covered="35"/><counter type="BRANCH" missed="4" covered="6"/><counter type="LINE" missed="4" covered="11"/><counter type="COMPLEXITY" missed="4" covered="3"/><counter type="METHOD" missed="0" covered="1"/></method><method name="availableIfaces" desc="()Ljava/util/List;" line="77"><counter type="INSTRUCTION" missed="4" covered="27"/><counter type="BRANCH" missed="1" covered="1"/><counter type="LINE" missed="1" covered="10"/><counter type="COMPLEXITY" missed="1" covered="1"/><counter type="METHOD" missed="0" covered="1"/></method><method name="encap" desc="()Ljava/util/List;" line="99"><counter type="INSTRUCTION" missed="0" covered="8"/><counter type="LINE" missed="0" covered="3"/><counter type="COMPLEXITY" missed="0" covered="1"/><counter type="METHOD" missed="0" covered="1"/></method><method name="vplsIfaces" desc="()Ljava/util/List;" line="110"><counter type="INSTRUCTION" missed="0" covered="21"/><counter type="LINE" missed="0" covered="6"/><counter type="COMPLEXITY" missed="0" covered="1"/><counter type="METHOD" missed="0" covered="1"/></method><method name="lambda$availableIfaces$0" desc="(Ljava/util/Set;Lorg/onosproject/incubator/net/intf/Interface;)Z" line="88"><counter type="INSTRUCTION" missed="0" covered="8"/><counter type="BRANCH" missed="0" covered="2"/><counter type="LINE" missed="0" covered="1"/><counter type="COMPLEXITY" missed="0" covered="2"/><counter type="METHOD" missed="0" covered="1"/></method><counter type="INSTRUCTION" missed="14" covered="102"/><counter type="BRANCH" missed="5" covered="9"/><counter type="LINE" missed="5" covered="31"/><counter type="COMPLEXITY" missed="5" covered="9"/><counter type="METHOD" missed="0" covered="6"/><counter type="CLASS" missed="0" covered="1"/></class><class name="org/onosproject/vpls/cli/completer/VplsOptArgCompleter$1"><method name="&lt;clinit&gt;" desc="()V" line="57"><counter type="INSTRUCTION" missed="3" covered="23"/><counter type="LINE" missed="0" covered="1"/><counter type="COMPLEXITY" missed="0" covered="1"/><counter type="METHOD" missed="0" covered="1"/></method><counter type="INSTRUCTION" missed="3" covered="23"/><counter type="LINE" missed="0" covered="1"/><counter type="COMPLEXITY" missed="0" covered="1"/><counter type="METHOD" missed="0" covered="1"/><counter type="CLASS" missed="0" covered="1"/></class><class name="org/onosproject/vpls/cli/completer/VplsCommandCompleter"><method name="&lt;init&gt;" desc="()V" line="29"><counter type="INSTRUCTION" missed="0" covered="3"/><counter type="LINE" missed="0" covered="1"/><counter type="COMPLEXITY" missed="0" covered="1"/><counter type="METHOD" missed="0" covered="1"/></method><method name="choices" desc="()Ljava/util/List;" line="33"><counter type="INSTRUCTION" missed="16" covered="22"/><counter type="BRANCH" missed="5" covered="3"/><counter type="LINE" missed="5" covered="8"/><counter type="COMPLEXITY" missed="4" covered="1"/><counter type="METHOD" missed="0" covered="1"/></method><counter type="INSTRUCTION" missed="16" covered="25"/><counter type="BRANCH" missed="5" covered="3"/><counter type="LINE" missed="5" covered="9"/><counter type="COMPLEXITY" missed="4" covered="2"/><counter type="METHOD" missed="0" covered="2"/><counter type="CLASS" missed="0" covered="1"/></class><sourcefile name="VplsCommandCompleter.java"><line nr="29" mi="0" ci="3" mb="0" cb="0"/><line nr="33" mi="0" ci="3" mb="0" cb="0"/><line nr="34" mi="0" ci="2" mb="1" cb="1"/><line nr="35" mi="2" ci="0" mb="0" cb="0"/><line nr="37" mi="0" ci="4" mb="0" cb="0"/><line nr="38" mi="0" ci="2" mb="0" cb="0"/><line nr="39" mi="0" ci="4" mb="1" cb="1"/><line nr="40" mi="5" ci="0" mb="0" cb="0"/><line nr="42" mi="0" ci="3" mb="0" cb="0"/><line nr="43" mi="0" ci="2" mb="1" cb="1"/><line nr="44" mi="24" ci="0" mb="2" cb="0"/><line nr="47" mi="2" ci="0" mb="0" cb="0"/><line nr="49" mi="2" ci="0" mb="0" cb="0"/><line nr="52" mi="0" ci="2" mb="0" cb="0"/><counter type="INSTRUCTION" missed="35" covered="25"/><counter type="BRANCH" missed="5" covered="3"/><counter type="LINE" missed="5" covered="9"/><counter type="COMPLEXITY" missed="5" covered="2"/><counter type="METHOD" missed="1" covered="2"/><counter type="CLASS" missed="1" covered="1"/></sourcefile><sourcefile name="VplsNameCompleter.java"><line nr="31" mi="0" ci="3" mb="0" cb="0"/><line nr="37" mi="0" ci="2" mb="1" cb="1"/><line nr="38" mi="4" ci="0" mb="0" cb="0"/><line nr="40" mi="0" ci="3" mb="0" cb="0"/><line nr="41" mi="0" ci="8" mb="0" cb="0"/><counter type="INSTRUCTION" missed="4" covered="16"/><counter type="BRANCH" missed="1" covered="1"/><counter type="LINE" missed="1" covered="4"/><counter type="COMPLEXITY" missed="1" covered="2"/><counter type="METHOD" missed="0" covered="2"/><counter type="CLASS" missed="0" covered="1"/></sourcefile><sourcefile name="VplsOptArgCompleter.java"><line nr="40" mi="0" ci="3" mb="0" cb="0"/><line nr="46" mi="0" ci="2" mb="1" cb="1"/><line nr="47" mi="4" ci="0" mb="0" cb="0"/><line nr="49" mi="0" ci="3" mb="0" cb="0"/><line nr="50" mi="0" ci="2" mb="1" cb="1"/><line nr="51" mi="2" ci="0" mb="0" cb="0"/><line nr="53" mi="0" ci="4" mb="0" cb="0"/><line nr="54" mi="0" ci="5" mb="0" cb="0"/><line nr="55" mi="0" ci="3" mb="0" cb="0"/><line nr="56" mi="0" ci="2" mb="1" cb="1"/><line nr="57" mi="3" ci="28" mb="1" cb="3"/><line nr="59" mi="0" ci="3" mb="0" cb="0"/><line nr="61" mi="0" ci="3" mb="0" cb="0"/><line nr="63" mi="0" ci="3" mb="0" cb="0"/><line nr="65" mi="2" ci="0" mb="0" cb="0"/><line nr="68" mi="2" ci="0" mb="0" cb="0"/><line nr="77" mi="0" ci="2" mb="1" cb="1"/><line nr="78" mi="4" ci="0" mb="0" cb="0"/><line nr="81" mi="0" ci="3" mb="0" cb="0"/><line nr="82" mi="0" ci="4" mb="0" cb="0"/><line nr="83" mi="0" ci="2" mb="0" cb="0"/><line nr="84" mi="0" ci="1" mb="0" cb="0"/><line nr="85" mi="0" ci="4" mb="0" cb="0"/><line nr="87" mi="0" ci="5" mb="0" cb="0"/><line nr="88" mi="0" ci="10" mb="0" cb="2"/><line nr="89" mi="0" ci="1" mb="0" cb="0"/><line nr="90" mi="0" ci="3" mb="0" cb="0"/><line nr="99" mi="0" ci="4" mb="0" cb="0"/><line nr="100" mi="0" ci="1" mb="0" cb="0"/><line nr="101" mi="0" ci="3" mb="0" cb="0"/><line nr="110" mi="0" ci="3" mb="0" cb="0"/><line nr="111" mi="0" ci="5" mb="0" cb="0"/><line nr="112" mi="0" ci="4" mb="0" cb="0"/><line nr="113" mi="0" ci="5" mb="0" cb="0"/><line nr="114" mi="0" ci="1" mb="0" cb="0"/><line nr="115" mi="0" ci="3" mb="0" cb="0"/><counter type="INSTRUCTION" missed="17" covered="125"/><counter type="BRANCH" missed="5" covered="9"/><counter type="LINE" missed="5" covered="31"/><counter type="COMPLEXITY" missed="5" covered="10"/><counter type="METHOD" missed="0" covered="7"/><counter type="CLASS" missed="0" covered="2"/></sourcefile><counter type="INSTRUCTION" missed="56" covered="166"/><counter type="BRANCH" missed="11" covered="13"/><counter type="LINE" missed="11" covered="44"/><counter type="COMPLEXITY" missed="11" covered="14"/><counter type="METHOD" missed="1" covered="11"/><counter type="CLASS" missed="1" covered="4"/></package><package name="org/onosproject/vpls/intent"><class name="org/onosproject/vpls/intent/VplsIntentUtility"><method name="&lt;init&gt;" desc="()V" line="76"><counter type="INSTRUCTION" missed="3" covered="0"/><counter type="LINE" missed="2" covered="0"/><counter type="COMPLEXITY" missed="1" covered="0"/><counter type="METHOD" missed="1" covered="0"/></method><method name="buildBrcIntents" desc="(Lorg/onosproject/vpls/api/VplsData;Lorg/onosproject/core/ApplicationId;)Ljava/util/Set;" line="88"><counter type="INSTRUCTION" missed="2" covered="23"/><counter type="BRANCH" missed="1" covered="1"/><counter type="LINE" missed="1" covered="6"/><counter type="COMPLEXITY" missed="1" covered="1"/><counter type="METHOD" missed="0" covered="1"/></method><method name="buildBrcIntent" desc="(Lorg/onosproject/net/intent/Key;Lorg/onosproject/core/ApplicationId;Lorg/onosproject/net/FilteredConnectPoint;Ljava/util/Set;Lorg/onosproject/net/EncapsulationType;Lorg/onosproject/net/ResourceGroup;)Lorg/onosproject/net/intent/SinglePointToMultiPointIntent;" line="140"><counter type="INSTRUCTION" missed="0" covered="35"/><counter type="LINE" missed="0" covered="15"/><counter type="COMPLEXITY" missed="0" covered="1"/><counter type="METHOD" missed="0" covered="1"/></method><method name="buildUniIntents" desc="(Lorg/onosproject/vpls/api/VplsData;Ljava/util/Set;Lorg/onosproject/core/ApplicationId;)Ljava/util/Set;" line="172"><counter type="INSTRUCTION" missed="2" covered="23"/><counter type="BRANCH" missed="1" covered="1"/><counter type="LINE" missed="1" covered="6"/><counter type="COMPLEXITY" missed="1" covered="1"/><counter type="METHOD" missed="0" covered="1"/></method><method name="buildUniIntent" desc="(Lorg/onosproject/net/intent/Key;Lorg/onosproject/core/ApplicationId;Ljava/util/Set;Lorg/onosproject/net/FilteredConnectPoint;Lorg/onosproject/net/Host;Lorg/onosproject/net/EncapsulationType;Lorg/onosproject/net/ResourceGroup;)Lorg/onosproject/net/intent/MultiPointToSinglePointIntent;" line="222"><counter type="INSTRUCTION" missed="0" covered="36"/><counter type="LINE" missed="0" covered="15"/><counter type="COMPLEXITY" missed="0" covered="1"/><counter type="METHOD" missed="0" covered="1"/></method><method name="buildKey" desc="(Ljava/lang/String;Lorg/onosproject/net/ConnectPoint;Ljava/lang/String;Lorg/onlab/packet/MacAddress;Lorg/onosproject/core/ApplicationId;)Lorg/onosproject/net/intent/Key;" line="264"><counter type="INSTRUCTION" missed="0" covered="29"/><counter type="LINE" missed="0" covered="4"/><counter type="COMPLEXITY" missed="0" covered="1"/><counter type="METHOD" missed="0" covered="1"/></method><method name="setEncap" desc="(Lorg/onosproject/net/intent/ConnectivityIntent$Builder;Ljava/util/List;Lorg/onosproject/net/EncapsulationType;)V" line="290"><counter type="INSTRUCTION" missed="0" covered="32"/><counter type="BRANCH" missed="0" covered="2"/><counter type="LINE" missed="0" covered="8"/><counter type="COMPLEXITY" missed="0" covered="2"/><counter type="METHOD" missed="0" covered="1"/></method><method name="buildFilteredConnectedPoint" desc="(Lorg/onosproject/incubator/net/intf/Interface;)Lorg/onosproject/net/FilteredConnectPoint;" line="314"><counter type="INSTRUCTION" missed="0" covered="26"/><counter type="BRANCH" missed="1" covered="3"/><counter type="LINE" missed="0" covered="5"/><counter type="COMPLEXITY" missed="1" covered="2"/><counter type="METHOD" missed="0" covered="1"/></method><method name="buildFilteredConnectedPoint" desc="(Lorg/onosproject/net/Host;)Lorg/onosproject/net/FilteredConnectPoint;" line="331"><counter type="INSTRUCTION" missed="0" covered="26"/><counter type="BRANCH" missed="1" covered="3"/><counter type="LINE" missed="0" covered="5"/><counter type="COMPLEXITY" missed="1" covered="2"/><counter type="METHOD" missed="0" covered="1"/></method><method name="lambda$setEncap$4" desc="(Lorg/onosproject/net/intent/Constraint;)Z" line="294"><counter type="INSTRUCTION" missed="0" covered="3"/><counter type="LINE" missed="0" covered="1"/><counter type="COMPLEXITY" missed="0" covered="1"/><counter type="METHOD" missed="0" covered="1"/></method><method name="lambda$buildUniIntents$3" desc="(Ljava/util/Set;Lorg/onosproject/vpls/api/VplsData;Lorg/onosproject/core/ApplicationId;Lorg/onosproject/net/ResourceGroup;Ljava/util/Set;Lorg/onosproject/net/Host;)V" line="179"><counter type="INSTRUCTION" missed="0" covered="39"/><counter type="LINE" missed="0" covered="14"/><counter type="COMPLEXITY" missed="0" covered="1"/><counter type="METHOD" missed="0" covered="1"/></method><method name="lambda$null$2" desc="(Lorg/onosproject/net/FilteredConnectPoint;Lorg/onosproject/net/FilteredConnectPoint;)Z" line="183"><counter type="INSTRUCTION" missed="0" covered="8"/><counter type="BRANCH" missed="0" covered="2"/><counter type="LINE" missed="0" covered="1"/><counter type="COMPLEXITY" missed="0" covered="2"/><counter type="METHOD" missed="0" covered="1"/></method><method name="lambda$buildBrcIntents$1" desc="(Ljava/util/Set;Lorg/onosproject/vpls/api/VplsData;Lorg/onosproject/core/ApplicationId;Lorg/onosproject/net/ResourceGroup;Ljava/util/Set;Lorg/onosproject/incubator/net/intf/Interface;)V" line="100"><counter type="INSTRUCTION" missed="0" covered="37"/><counter type="LINE" missed="0" covered="13"/><counter type="COMPLEXITY" missed="0" covered="1"/><counter type="METHOD" missed="0" covered="1"/></method><method name="lambda$null$0" desc="(Lorg/onosproject/incubator/net/intf/Interface;Lorg/onosproject/incubator/net/intf/Interface;)Z" line="103"><counter type="INSTRUCTION" missed="0" covered="8"/><counter type="BRANCH" missed="0" covered="2"/><counter type="LINE" missed="0" covered="1"/><counter type="COMPLEXITY" missed="0" covered="2"/><counter type="METHOD" missed="0" covered="1"/></method><method name="&lt;clinit&gt;" desc="()V" line="62"><counter type="INSTRUCTION" missed="0" covered="9"/><counter type="LINE" missed="0" covered="3"/><counter type="COMPLEXITY" missed="0" covered="1"/><counter type="METHOD" missed="0" covered="1"/></method><counter type="INSTRUCTION" missed="7" covered="334"/><counter type="BRANCH" missed="4" covered="14"/><counter type="LINE" missed="4" covered="94"/><counter type="COMPLEXITY" missed="5" covered="19"/><counter type="METHOD" missed="1" covered="14"/><counter type="CLASS" missed="0" covered="1"/></class><sourcefile name="VplsIntentUtility.java"><line nr="62" mi="0" ci="3" mb="0" cb="0"/><line nr="73" mi="0" ci="4" mb="0" cb="0"/><line nr="74" mi="0" ci="2" mb="0" cb="0"/><line nr="76" mi="2" ci="0" mb="0" cb="0"/><line nr="78" mi="1" ci="0" mb="0" cb="0"/><line nr="88" mi="0" ci="3" mb="0" cb="0"/><line nr="91" mi="0" ci="4" mb="1" cb="1"/><line nr="92" mi="2" ci="0" mb="0" cb="0"/><line nr="94" mi="0" ci="2" mb="0" cb="0"/><line nr="95" mi="0" ci="4" mb="0" cb="0"/><line nr="99" mi="0" ci="8" mb="0" cb="0"/><line nr="100" mi="0" ci="3" mb="0" cb="0"/><line nr="101" mi="0" ci="1" mb="0" cb="0"/><line nr="102" mi="0" ci="3" mb="0" cb="0"/><line nr="103" mi="0" ci="10" mb="0" cb="2"/><line nr="104" mi="0" ci="1" mb="0" cb="0"/><line nr="105" mi="0" ci="4" mb="0" cb="0"/><line nr="106" mi="0" ci="4" mb="0" cb="0"/><line nr="107" mi="0" ci="2" mb="0" cb="0"/><line nr="108" mi="0" ci="3" mb="0" cb="0"/><line nr="111" mi="0" ci="7" mb="0" cb="0"/><line nr="115" mi="0" ci="2" mb="0" cb="0"/><line nr="118" mi="0" ci="4" mb="0" cb="0"/><line nr="119" mi="0" ci="1" mb="0" cb="0"/><line nr="120" mi="0" ci="2" mb="0" cb="0"/><line nr="140" mi="0" ci="5" mb="0" cb="0"/><line nr="144" mi="0" ci="2" mb="0" cb="0"/><line nr="145" mi="0" ci="1" mb="0" cb="0"/><line nr="146" mi="0" ci="2" mb="0" cb="0"/><line nr="148" mi="0" ci="2" mb="0" cb="0"/><line nr="149" mi="0" ci="2" mb="0" cb="0"/><line nr="150" mi="0" ci="2" mb="0" cb="0"/><line nr="151" mi="0" ci="2" mb="0" cb="0"/><line nr="152" mi="0" ci="2" mb="0" cb="0"/><line nr="153" mi="0" ci="2" mb="0" cb="0"/><line nr="154" mi="0" ci="2" mb="0" cb="0"/><line nr="155" mi="0" ci="2" mb="0" cb="0"/><line nr="156" mi="0" ci="2" mb="0" cb="0"/><line nr="158" mi="0" ci="4" mb="0" cb="0"/><line nr="160" mi="0" ci="3" mb="0" cb="0"/><line nr="172" mi="0" ci="3" mb="0" cb="0"/><line nr="173" mi="0" ci="4" mb="1" cb="1"/><line nr="174" mi="2" ci="0" mb="0" cb="0"/><line nr="176" mi="0" ci="2" mb="0" cb="0"/><line nr="177" mi="0" ci="4" mb="0" cb="0"/><line nr="178" mi="0" ci="8" mb="0" cb="0"/><line nr="179" mi="0" ci="3" mb="0" cb="0"/><line nr="180" mi="0" ci="1" mb="0" cb="0"/><line nr="181" mi="0" ci="2" mb="0" cb="0"/><line nr="182" mi="0" ci="3" mb="0" cb="0"/><line nr="183" mi="0" ci="9" mb="0" cb="2"/><line nr="184" mi="0" ci="4" mb="0" cb="0"/><line nr="185" mi="0" ci="4" mb="0" cb="0"/><line nr="186" mi="0" ci="2" mb="0" cb="0"/><line nr="187" mi="0" ci="2" mb="0" cb="0"/><line nr="188" mi="0" ci="2" mb="0" cb="0"/><line nr="190" mi="0" ci="8" mb="0" cb="0"/><line nr="195" mi="0" ci="2" mb="0" cb="0"/><line nr="197" mi="0" ci="4" mb="0" cb="0"/><line nr="198" mi="0" ci="1" mb="0" cb="0"/><line nr="200" mi="0" ci="2" mb="0" cb="0"/><line nr="222" mi="0" ci="5" mb="0" cb="0"/><line nr="226" mi="0" ci="2" mb="0" cb="0"/><line nr="227" mi="0" ci="2" mb="0" cb="0"/><line nr="228" mi="0" ci="2" mb="0" cb="0"/><line nr="230" mi="0" ci="2" mb="0" cb="0"/><line nr="231" mi="0" ci="2" mb="0" cb="0"/><line nr="232" mi="0" ci="2" mb="0" cb="0"/><line nr="233" mi="0" ci="2" mb="0" cb="0"/><line nr="234" mi="0" ci="2" mb="0" cb="0"/><line nr="235" mi="0" ci="2" mb="0" cb="0"/><line nr="236" mi="0" ci="2" mb="0" cb="0"/><line nr="237" mi="0" ci="2" mb="0" cb="0"/><line nr="238" mi="0" ci="2" mb="0" cb="0"/><line nr="240" mi="0" ci="4" mb="0" cb="0"/><line nr="242" mi="0" ci="3" mb="0" cb="0"/><line nr="264" mi="0" ci="12" mb="0" cb="0"/><line nr="268" mi="0" ci="5" mb="0" cb="0"/><line nr="270" mi="0" ci="8" mb="0" cb="0"/><line nr="274" mi="0" ci="4" mb="0" cb="0"/><line nr="290" mi="0" ci="5" mb="0" cb="0"/><line nr="293" mi="0" ci="3" mb="0" cb="0"/><line nr="294" mi="0" ci="9" mb="0" cb="0"/><line nr="295" mi="0" ci="1" mb="0" cb="0"/><line nr="299" mi="0" ci="4" mb="0" cb="2"/><line nr="300" mi="0" ci="7" mb="0" cb="0"/><line nr="304" mi="0" ci="5" mb="0" cb="0"/><line nr="305" mi="0" ci="1" mb="0" cb="0"/><line nr="314" mi="0" ci="3" mb="0" cb="0"/><line nr="315" mi="0" ci="2" mb="0" cb="0"/><line nr="317" mi="0" ci="8" mb="1" cb="3"/><line nr="318" mi="0" ci="5" mb="0" cb="0"/><line nr="321" mi="0" ci="8" mb="0" cb="0"/><line nr="331" mi="0" ci="3" mb="0" cb="0"/><line nr="332" mi="0" ci="2" mb="0" cb="0"/><line nr="334" mi="0" ci="8" mb="1" cb="3"/><line nr="335" mi="0" ci="5" mb="0" cb="0"/><line nr="337" mi="0" ci="8" mb="0" cb="0"/><counter type="INSTRUCTION" missed="7" covered="334"/><counter type="BRANCH" missed="4" covered="14"/><counter type="LINE" missed="4" covered="94"/><counter type="COMPLEXITY" missed="5" covered="19"/><counter type="METHOD" missed="1" covered="14"/><counter type="CLASS" missed="0" covered="1"/></sourcefile><counter type="INSTRUCTION" missed="7" covered="334"/><counter type="BRANCH" missed="4" covered="14"/><counter type="LINE" missed="4" covered="94"/><counter type="COMPLEXITY" missed="5" covered="19"/><counter type="METHOD" missed="1" covered="14"/><counter type="CLASS" missed="0" covered="1"/></package><counter type="INSTRUCTION" missed="821" covered="4304"/><counter type="BRANCH" missed="146" covered="252"/><counter type="LINE" missed="111" covered="1008"/><counter type="COMPLEXITY" missed="184" covered="310"/><counter type="METHOD" missed="64" covered="222"/><counter type="CLASS" missed="1" covered="40"/></report>